[2019-06-24 09:06:47.716] [sharedprocess] [info] main {"machineId":"af706123b7dd054537e5407cb32fd21f9a57b8dbe9fb0ad12195fbc0dd38f2d5"}
[2019-06-24 09:06:48.742] [sharedprocess] [info] Scanned user extensions: 15
[2019-06-24 09:06:48.755] [sharedprocess] [info] Scanned system extensions: 71
[2019-06-24 09:06:51.760] [sharedprocess] [info] Scanned user extensions: 15
[2019-06-24 09:06:51.787] [sharedprocess] [info] Scanned system extensions: 71
[2019-06-24 09:06:52.354] [sharedprocess] [info] Scanned user extensions: 15
[2019-06-24 09:06:52.379] [sharedprocess] [info] Scanned user extensions: 15
[2019-06-24 09:06:52.423] [sharedprocess] [info] Scanned user extensions: 15
[2019-06-24 09:06:52.438] [sharedprocess] [info] Scanned system extensions: 71
[2019-06-24 09:06:52.445] [sharedprocess] [info] Scanned system extensions: 71
[2019-06-24 09:06:52.455] [sharedprocess] [info] Scanned system extensions: 71
[2019-06-24 09:06:54.295] [sharedprocess] [info] Scanned user extensions: 15
[2019-06-24 09:07:27.732] [sharedprocess] [info] Starting to clean up unused language packs.
[2019-06-24 09:11:54.328] [sharedprocess] [info] Scanned user extensions: 15
[2019-06-24 09:16:54.348] [sharedprocess] [info] Scanned user extensions: 15
[2019-06-24 09:21:54.375] [sharedprocess] [info] Scanned user extensions: 15
[2019-06-24 09:26:54.402] [sharedprocess] [info] Scanned user extensions: 15
[2019-06-24 09:31:54.429] [sharedprocess] [info] Scanned user extensions: 15
[2019-06-24 09:36:54.455] [sharedprocess] [info] Scanned user extensions: 15
[2019-06-24 09:41:54.474] [sharedprocess] [info] Scanned user extensions: 15
[2019-06-24 09:46:54.497] [sharedprocess] [info] Scanned user extensions: 15
[2019-06-24 09:51:54.524] [sharedprocess] [info] Scanned user extensions: 15
[2019-06-24 09:56:54.549] [sharedprocess] [info] Scanned user extensions: 15
[2019-06-24 10:01:54.574] [sharedprocess] [info] Scanned user extensions: 15
[2019-06-24 10:06:54.601] [sharedprocess] [info] Scanned user extensions: 15
[2019-06-24 10:11:54.628] [sharedprocess] [info] Scanned user extensions: 15
[2019-06-24 10:16:54.652] [sharedprocess] [info] Scanned user extensions: 15
[2019-06-24 10:21:54.671] [sharedprocess] [info] Scanned user extensions: 15
[2019-06-24 10:26:54.686] [sharedprocess] [info] Scanned user extensions: 15
[2019-06-24 10:31:54.714] [sharedprocess] [info] Scanned user extensions: 15
[2019-06-24 10:36:54.744] [sharedprocess] [info] Scanned user extensions: 15
[2019-06-24 10:41:54.765] [sharedprocess] [info] Scanned user extensions: 15
[2019-06-24 10:46:54.798] [sharedprocess] [info] Scanned user extensions: 15
[2019-06-24 10:51:54.820] [sharedprocess] [info] Scanned user extensions: 15
[2019-06-24 10:56:54.846] [sharedprocess] [info] Scanned user extensions: 15
[2019-06-24 11:01:54.871] [sharedprocess] [info] Scanned user extensions: 15
[2019-06-24 11:06:54.891] [sharedprocess] [info] Scanned user extensions: 15
[2019-06-24 11:11:54.914] [sharedprocess] [info] Scanned user extensions: 15
[2019-06-24 11:16:54.933] [sharedprocess] [info] Scanned user extensions: 15
[2019-06-24 11:21:54.971] [sharedprocess] [info] Scanned user extensions: 15
[2019-06-24 11:26:55.000] [sharedprocess] [info] Scanned user extensions: 15
[2019-06-24 11:31:55.034] [sharedprocess] [info] Scanned user extensions: 15
[2019-06-24 11:36:55.060] [sharedprocess] [info] Scanned user extensions: 15
[2019-06-24 11:41:55.084] [sharedprocess] [info] Scanned user extensions: 15
[2019-06-24 11:46:55.108] [sharedprocess] [info] Scanned user extensions: 15
[2019-06-24 11:51:55.138] [sharedprocess] [info] Scanned user extensions: 15
[2019-06-24 11:56:55.177] [sharedprocess] [info] Scanned user extensions: 15
[2019-06-24 12:01:55.203] [sharedprocess] [info] Scanned user extensions: 15
[2019-06-24 12:06:55.226] [sharedprocess] [info] Scanned user extensions: 15
[2019-06-24 12:11:55.597] [sharedprocess] [info] Scanned user extensions: 15
[2019-06-24 12:16:55.624] [sharedprocess] [info] Scanned user extensions: 15
[2019-06-24 12:21:55.648] [sharedprocess] [info] Scanned user extensions: 15
[2019-06-24 12:26:55.674] [sharedprocess] [info] Scanned user extensions: 15
[2019-06-24 12:31:55.699] [sharedprocess] [info] Scanned user extensions: 15
[2019-06-24 12:36:55.719] [sharedprocess] [info] Scanned user extensions: 15
[2019-06-24 12:41:55.757] [sharedprocess] [info] Scanned user extensions: 15
[2019-06-24 12:46:55.776] [sharedprocess] [info] Scanned user extensions: 15
[2019-06-24 12:51:55.813] [sharedprocess] [info] Scanned user extensions: 15
[2019-06-24 12:56:55.839] [sharedprocess] [info] Scanned user extensions: 15
[2019-06-24 13:01:55.868] [sharedprocess] [info] Scanned user extensions: 15
[2019-06-24 13:06:55.896] [sharedprocess] [info] Scanned user extensions: 15
[2019-06-24 13:11:55.946] [sharedprocess] [info] Scanned user extensions: 15
[2019-06-24 13:16:55.970] [sharedprocess] [info] Scanned user extensions: 15
[2019-06-24 13:21:55.996] [sharedprocess] [info] Scanned user extensions: 15
[2019-06-24 13:26:56.022] [sharedprocess] [info] Scanned user extensions: 15
[2019-06-24 13:31:56.044] [sharedprocess] [info] Scanned user extensions: 15
[2019-06-24 13:36:56.065] [sharedprocess] [info] Scanned user extensions: 15
[2019-06-24 13:41:56.083] [sharedprocess] [info] Scanned user extensions: 15
[2019-06-24 13:46:56.105] [sharedprocess] [info] Scanned user extensions: 15
[2019-06-24 13:51:56.129] [sharedprocess] [info] Scanned user extensions: 15
[2019-06-24 13:56:56.153] [sharedprocess] [info] Scanned user extensions: 15
[2019-06-24 14:01:56.178] [sharedprocess] [info] Scanned user extensions: 15
[2019-06-24 14:06:56.201] [sharedprocess] [info] Scanned user extensions: 15
[2019-06-24 14:11:56.230] [sharedprocess] [info] Scanned user extensions: 15
[2019-06-24 14:16:56.256] [sharedprocess] [info] Scanned user extensions: 15
[2019-06-24 14:21:56.281] [sharedprocess] [info] Scanned user extensions: 15
[2019-06-24 14:26:56.303] [sharedprocess] [info] Scanned user extensions: 15
[2019-06-24 14:31:56.328] [sharedprocess] [info] Scanned user extensions: 15
[2019-06-24 14:36:56.345] [sharedprocess] [info] Scanned user extensions: 15
[2019-06-24 14:41:56.367] [sharedprocess] [info] Scanned user extensions: 15
[2019-06-24 14:46:56.396] [sharedprocess] [info] Scanned user extensions: 15
[2019-06-24 14:51:56.430] [sharedprocess] [info] Scanned user extensions: 15
[2019-06-24 14:56:56.455] [sharedprocess] [info] Scanned user extensions: 15
[2019-06-24 15:01:56.479] [sharedprocess] [info] Scanned user extensions: 15
[2019-06-24 15:06:56.507] [sharedprocess] [info] Scanned user extensions: 15
[2019-06-24 15:11:56.528] [sharedprocess] [info] Scanned user extensions: 15
[2019-06-24 15:16:56.543] [sharedprocess] [info] Scanned user extensions: 15
[2019-06-24 15:21:56.560] [sharedprocess] [info] Scanned user extensions: 15
[2019-06-24 15:26:56.579] [sharedprocess] [info] Scanned user extensions: 15
[2019-06-24 15:31:56.602] [sharedprocess] [info] Scanned user extensions: 15
[2019-06-24 15:36:56.626] [sharedprocess] [info] Scanned user extensions: 15
[2019-06-24 15:41:56.649] [sharedprocess] [info] Scanned user extensions: 15
[2019-06-24 15:46:56.674] [sharedprocess] [info] Scanned user extensions: 15
[2019-06-24 15:51:56.696] [sharedprocess] [info] Scanned user extensions: 15
[2019-06-24 15:56:56.720] [sharedprocess] [info] Scanned user extensions: 15
[2019-06-24 16:01:56.746] [sharedprocess] [info] Scanned user extensions: 15
[2019-06-24 16:06:56.770] [sharedprocess] [info] Scanned user extensions: 15
[2019-06-24 16:11:56.793] [sharedprocess] [info] Scanned user extensions: 15
[2019-06-24 16:16:56.817] [sharedprocess] [info] Scanned user extensions: 15
[2019-06-24 16:21:56.840] [sharedprocess] [info] Scanned user extensions: 15
[2019-06-24 16:26:56.863] [sharedprocess] [info] Scanned user extensions: 15
[2019-06-24 16:31:56.890] [sharedprocess] [info] Scanned user extensions: 15
[2019-06-24 16:36:56.914] [sharedprocess] [info] Scanned user extensions: 15
[2019-06-24 16:41:56.938] [sharedprocess] [info] Scanned user extensions: 15
[2019-06-24 16:46:56.965] [sharedprocess] [info] Scanned user extensions: 15
[2019-06-24 16:51:56.994] [sharedprocess] [info] Scanned user extensions: 15
[2019-06-24 16:56:57.016] [sharedprocess] [info] Scanned user extensions: 15
[2019-06-24 17:01:57.042] [sharedprocess] [info] Scanned user extensions: 15
[2019-06-24 17:06:57.065] [sharedprocess] [info] Scanned user extensions: 15
[2019-06-24 17:11:57.091] [sharedprocess] [info] Scanned user extensions: 15
[2019-06-24 17:16:57.116] [sharedprocess] [info] Scanned user extensions: 15
[2019-06-24 17:21:57.140] [sharedprocess] [info] Scanned user extensions: 15
[2019-06-24 17:26:57.163] [sharedprocess] [info] Scanned user extensions: 15
[2019-06-24 17:31:57.188] [sharedprocess] [info] Scanned user extensions: 15
[2019-06-24 17:36:57.212] [sharedprocess] [info] Scanned user extensions: 15
[2019-06-24 17:41:57.239] [sharedprocess] [info] Scanned user extensions: 15
[2019-06-24 17:46:57.272] [sharedprocess] [info] Scanned user extensions: 15
[2019-06-24 17:51:57.291] [sharedprocess] [info] Scanned user extensions: 15
[2019-06-24 17:56:57.327] [sharedprocess] [info] Scanned user extensions: 15
[2019-06-24 18:01:57.351] [sharedprocess] [info] Scanned user extensions: 15
[2019-06-24 18:06:57.374] [sharedprocess] [info] Scanned user extensions: 15
[2019-06-24 18:11:57.398] [sharedprocess] [info] Scanned user extensions: 15
[2019-06-24 18:16:57.421] [sharedprocess] [info] Scanned user extensions: 15
[2019-06-24 18:21:57.446] [sharedprocess] [info] Scanned user extensions: 15
[2019-06-24 18:26:57.470] [sharedprocess] [info] Scanned user extensions: 15
[2019-06-24 18:31:57.495] [sharedprocess] [info] Scanned user extensions: 15
[2019-06-24 18:36:57.517] [sharedprocess] [info] Scanned user extensions: 15
[2019-06-24 18:41:57.548] [sharedprocess] [info] Scanned user extensions: 15
[2019-06-24 18:46:57.582] [sharedprocess] [info] Scanned user extensions: 15
[2019-06-24 18:51:57.606] [sharedprocess] [info] Scanned user extensions: 15
[2019-06-24 18:56:57.630] [sharedprocess] [info] Scanned user extensions: 15
[2019-06-24 19:01:57.652] [sharedprocess] [info] Scanned user extensions: 15
[2019-06-24 19:06:57.677] [sharedprocess] [info] Scanned user extensions: 15
[2019-06-24 19:11:57.698] [sharedprocess] [info] Scanned user extensions: 15
[2019-06-24 19:16:57.722] [sharedprocess] [info] Scanned user extensions: 15
[2019-06-24 19:21:57.746] [sharedprocess] [info] Scanned user extensions: 15
[2019-06-24 19:26:57.770] [sharedprocess] [info] Scanned user extensions: 15
[2019-06-24 19:31:57.793] [sharedprocess] [info] Scanned user extensions: 15
[2019-06-24 19:36:57.817] [sharedprocess] [info] Scanned user extensions: 15
[2019-06-24 19:41:57.841] [sharedprocess] [info] Scanned user extensions: 15
[2019-06-24 19:46:57.866] [sharedprocess] [info] Scanned user extensions: 15
[2019-06-24 19:51:57.891] [sharedprocess] [info] Scanned user extensions: 15
[2019-06-24 19:56:57.914] [sharedprocess] [info] Scanned user extensions: 15
[2019-06-24 20:01:57.937] [sharedprocess] [info] Scanned user extensions: 15
[2019-06-24 20:06:57.961] [sharedprocess] [info] Scanned user extensions: 15
[2019-06-24 20:11:57.985] [sharedprocess] [info] Scanned user extensions: 15
[2019-06-24 20:16:58.009] [sharedprocess] [info] Scanned user extensions: 15
[2019-06-24 20:21:58.031] [sharedprocess] [info] Scanned user extensions: 15
[2019-06-24 20:26:58.054] [sharedprocess] [info] Scanned user extensions: 15
[2019-06-24 20:31:58.077] [sharedprocess] [info] Scanned user extensions: 15
[2019-06-24 20:36:58.101] [sharedprocess] [info] Scanned user extensions: 15
[2019-06-24 20:41:58.125] [sharedprocess] [info] Scanned user extensions: 15
[2019-06-24 20:46:58.149] [sharedprocess] [info] Scanned user extensions: 15
[2019-06-24 20:51:58.172] [sharedprocess] [info] Scanned user extensions: 15
[2019-06-24 20:56:58.195] [sharedprocess] [info] Scanned user extensions: 15
[2019-06-24 21:01:58.218] [sharedprocess] [info] Scanned user extensions: 15
[2019-06-24 21:06:58.241] [sharedprocess] [info] Scanned user extensions: 15
[2019-06-24 21:11:58.266] [sharedprocess] [info] Scanned user extensions: 15
[2019-06-24 21:16:58.290] [sharedprocess] [info] Scanned user extensions: 15
[2019-06-24 21:21:58.313] [sharedprocess] [info] Scanned user extensions: 15
[2019-06-24 21:26:58.349] [sharedprocess] [info] Scanned user extensions: 15
[2019-06-24 21:31:58.372] [sharedprocess] [info] Scanned user extensions: 15
[2019-06-24 21:36:58.396] [sharedprocess] [info] Scanned user extensions: 15
[2019-06-24 21:41:58.420] [sharedprocess] [info] Scanned user extensions: 15
[2019-06-24 21:46:58.443] [sharedprocess] [info] Scanned user extensions: 15
[2019-06-24 21:51:58.466] [sharedprocess] [info] Scanned user extensions: 15
[2019-06-24 21:56:58.488] [sharedprocess] [info] Scanned user extensions: 15
[2019-06-24 22:01:58.511] [sharedprocess] [info] Scanned user extensions: 15
[2019-06-24 22:06:58.527] [sharedprocess] [info] Scanned user extensions: 15
[2019-06-24 22:11:58.563] [sharedprocess] [info] Scanned user extensions: 15
[2019-06-24 22:16:58.598] [sharedprocess] [info] Scanned user extensions: 15
[2019-06-24 22:21:58.621] [sharedprocess] [info] Scanned user extensions: 15
[2019-06-24 22:26:58.647] [sharedprocess] [info] Scanned user extensions: 15
[2019-06-24 22:31:58.670] [sharedprocess] [info] Scanned user extensions: 15
[2019-06-24 22:36:58.694] [sharedprocess] [info] Scanned user extensions: 15
[2019-06-24 22:41:58.718] [sharedprocess] [info] Scanned user extensions: 15
[2019-06-24 22:46:58.741] [sharedprocess] [info] Scanned user extensions: 15
[2019-06-24 22:51:58.765] [sharedprocess] [info] Scanned user extensions: 15
[2019-06-24 22:56:58.788] [sharedprocess] [info] Scanned user extensions: 15
[2019-06-24 23:01:58.809] [sharedprocess] [info] Scanned user extensions: 15
[2019-06-24 23:06:58.831] [sharedprocess] [info] Scanned user extensions: 15
[2019-06-24 23:11:58.856] [sharedprocess] [info] Scanned user extensions: 15
[2019-06-24 23:16:58.879] [sharedprocess] [info] Scanned user extensions: 15
[2019-06-24 23:21:58.905] [sharedprocess] [info] Scanned user extensions: 15
[2019-06-24 23:26:58.923] [sharedprocess] [info] Scanned user extensions: 15
[2019-06-24 23:31:58.943] [sharedprocess] [info] Scanned user extensions: 15
[2019-06-24 23:36:58.966] [sharedprocess] [info] Scanned user extensions: 15
[2019-06-24 23:41:58.988] [sharedprocess] [info] Scanned user extensions: 15
[2019-06-24 23:46:59.012] [sharedprocess] [info] Scanned user extensions: 15
[2019-06-24 23:51:59.035] [sharedprocess] [info] Scanned user extensions: 15
[2019-06-24 23:56:59.058] [sharedprocess] [info] Scanned user extensions: 15
[2019-06-25 00:01:59.081] [sharedprocess] [info] Scanned user extensions: 15
[2019-06-25 00:06:59.103] [sharedprocess] [info] Scanned user extensions: 15
[2019-06-25 00:11:59.126] [sharedprocess] [info] Scanned user extensions: 15
[2019-06-25 00:16:59.149] [sharedprocess] [info] Scanned user extensions: 15
[2019-06-25 00:21:59.172] [sharedprocess] [info] Scanned user extensions: 15
[2019-06-25 00:26:59.195] [sharedprocess] [info] Scanned user extensions: 15
[2019-06-25 00:31:59.218] [sharedprocess] [info] Scanned user extensions: 15
[2019-06-25 00:36:59.243] [sharedprocess] [info] Scanned user extensions: 15
[2019-06-25 00:41:59.266] [sharedprocess] [info] Scanned user extensions: 15
[2019-06-25 00:46:59.288] [sharedprocess] [info] Scanned user extensions: 15
[2019-06-25 00:51:59.323] [sharedprocess] [info] Scanned user extensions: 15
[2019-06-25 00:56:59.357] [sharedprocess] [info] Scanned user extensions: 15
[2019-06-25 01:01:59.381] [sharedprocess] [info] Scanned user extensions: 15
[2019-06-25 01:06:59.404] [sharedprocess] [info] Scanned user extensions: 15
[2019-06-25 01:11:59.428] [sharedprocess] [info] Scanned user extensions: 15
[2019-06-25 01:16:59.452] [sharedprocess] [info] Scanned user extensions: 15
[2019-06-25 01:21:59.475] [sharedprocess] [info] Scanned user extensions: 15
[2019-06-25 01:26:59.497] [sharedprocess] [info] Scanned user extensions: 15
[2019-06-25 01:31:59.521] [sharedprocess] [info] Scanned user extensions: 15
[2019-06-25 01:36:59.548] [sharedprocess] [info] Scanned user extensions: 15
[2019-06-25 01:41:59.573] [sharedprocess] [info] Scanned user extensions: 15
[2019-06-25 01:46:59.607] [sharedprocess] [info] Scanned user extensions: 15
[2019-06-25 01:51:59.630] [sharedprocess] [info] Scanned user extensions: 15
[2019-06-25 01:56:59.654] [sharedprocess] [info] Scanned user extensions: 15
[2019-06-25 02:01:59.678] [sharedprocess] [info] Scanned user extensions: 15
[2019-06-25 02:06:59.700] [sharedprocess] [info] Scanned user extensions: 15
[2019-06-25 02:11:59.723] [sharedprocess] [info] Scanned user extensions: 15
[2019-06-25 02:16:59.745] [sharedprocess] [info] Scanned user extensions: 15
[2019-06-25 02:21:59.768] [sharedprocess] [info] Scanned user extensions: 15
[2019-06-25 02:26:59.791] [sharedprocess] [info] Scanned user extensions: 15
[2019-06-25 02:31:59.814] [sharedprocess] [info] Scanned user extensions: 15
[2019-06-25 02:36:59.839] [sharedprocess] [info] Scanned user extensions: 15
[2019-06-25 02:41:59.861] [sharedprocess] [info] Scanned user extensions: 15
[2019-06-25 02:46:59.886] [sharedprocess] [info] Scanned user extensions: 15
[2019-06-25 02:51:59.910] [sharedprocess] [info] Scanned user extensions: 15
[2019-06-25 02:56:59.932] [sharedprocess] [info] Scanned user extensions: 15
[2019-06-25 03:01:59.956] [sharedprocess] [info] Scanned user extensions: 15
[2019-06-25 03:06:59.977] [sharedprocess] [info] Scanned user extensions: 15
[2019-06-25 03:12:00.001] [sharedprocess] [info] Scanned user extensions: 15
[2019-06-25 03:17:00.025] [sharedprocess] [info] Scanned user extensions: 15
[2019-06-25 03:22:00.047] [sharedprocess] [info] Scanned user extensions: 15
[2019-06-25 03:27:00.071] [sharedprocess] [info] Scanned user extensions: 15
[2019-06-25 03:32:00.095] [sharedprocess] [info] Scanned user extensions: 15
[2019-06-25 03:37:00.118] [sharedprocess] [info] Scanned user extensions: 15
[2019-06-25 03:42:00.141] [sharedprocess] [info] Scanned user extensions: 15
[2019-06-25 03:47:00.165] [sharedprocess] [info] Scanned user extensions: 15
[2019-06-25 03:52:00.188] [sharedprocess] [info] Scanned user extensions: 15
[2019-06-25 03:57:00.210] [sharedprocess] [info] Scanned user extensions: 15
[2019-06-25 04:02:00.234] [sharedprocess] [info] Scanned user extensions: 15
[2019-06-25 04:07:00.254] [sharedprocess] [info] Scanned user extensions: 15
[2019-06-25 04:12:00.281] [sharedprocess] [info] Scanned user extensions: 15
[2019-06-25 04:17:00.318] [sharedprocess] [info] Scanned user extensions: 15
[2019-06-25 04:22:00.342] [sharedprocess] [info] Scanned user extensions: 15
[2019-06-25 04:27:00.366] [sharedprocess] [info] Scanned user extensions: 15
[2019-06-25 04:32:00.393] [sharedprocess] [info] Scanned user extensions: 15
[2019-06-25 04:37:00.418] [sharedprocess] [info] Scanned user extensions: 15
[2019-06-25 04:42:00.441] [sharedprocess] [info] Scanned user extensions: 15
[2019-06-25 04:47:00.465] [sharedprocess] [info] Scanned user extensions: 15
[2019-06-25 04:52:00.489] [sharedprocess] [info] Scanned user extensions: 15
[2019-06-25 04:57:00.513] [sharedprocess] [info] Scanned user extensions: 15
[2019-06-25 05:02:00.536] [sharedprocess] [info] Scanned user extensions: 15
[2019-06-25 05:07:00.559] [sharedprocess] [info] Scanned user extensions: 15
[2019-06-25 05:12:00.593] [sharedprocess] [info] Scanned user extensions: 15
[2019-06-25 05:17:00.616] [sharedprocess] [info] Scanned user extensions: 15
[2019-06-25 05:22:00.638] [sharedprocess] [info] Scanned user extensions: 15
[2019-06-25 05:27:00.662] [sharedprocess] [info] Scanned user extensions: 15
[2019-06-25 05:32:00.680] [sharedprocess] [info] Scanned user extensions: 15
[2019-06-25 05:37:00.700] [sharedprocess] [info] Scanned user extensions: 15
[2019-06-25 05:42:00.722] [sharedprocess] [info] Scanned user extensions: 15
[2019-06-25 05:47:00.745] [sharedprocess] [info] Scanned user extensions: 15
[2019-06-25 05:52:00.762] [sharedprocess] [info] Scanned user extensions: 15
[2019-06-25 05:57:00.782] [sharedprocess] [info] Scanned user extensions: 15
[2019-06-25 06:02:00.804] [sharedprocess] [info] Scanned user extensions: 15
[2019-06-25 06:07:00.827] [sharedprocess] [info] Scanned user extensions: 15
[2019-06-25 06:12:00.852] [sharedprocess] [info] Scanned user extensions: 15
[2019-06-25 06:17:00.876] [sharedprocess] [info] Scanned user extensions: 15
[2019-06-25 06:22:00.899] [sharedprocess] [info] Scanned user extensions: 15
[2019-06-25 06:27:00.922] [sharedprocess] [info] Scanned user extensions: 15
[2019-06-25 06:32:00.944] [sharedprocess] [info] Scanned user extensions: 15
[2019-06-25 06:37:00.971] [sharedprocess] [info] Scanned user extensions: 15
[2019-06-25 06:42:00.995] [sharedprocess] [info] Scanned user extensions: 15
[2019-06-25 06:47:01.016] [sharedprocess] [info] Scanned user extensions: 15
[2019-06-25 06:52:01.040] [sharedprocess] [info] Scanned user extensions: 15
[2019-06-25 06:57:01.062] [sharedprocess] [info] Scanned user extensions: 15
[2019-06-25 07:02:01.085] [sharedprocess] [info] Scanned user extensions: 15
[2019-06-25 07:07:01.107] [sharedprocess] [info] Scanned user extensions: 15
[2019-06-25 07:12:01.130] [sharedprocess] [info] Scanned user extensions: 15
[2019-06-25 07:17:01.153] [sharedprocess] [info] Scanned user extensions: 15
[2019-06-25 07:22:01.175] [sharedprocess] [info] Scanned user extensions: 15
[2019-06-25 07:27:01.198] [sharedprocess] [info] Scanned user extensions: 15
[2019-06-25 07:32:01.224] [sharedprocess] [info] Scanned user extensions: 15
[2019-06-25 07:37:01.246] [sharedprocess] [info] Scanned user extensions: 15
[2019-06-25 07:42:01.269] [sharedprocess] [info] Scanned user extensions: 15
[2019-06-25 07:47:01.292] [sharedprocess] [info] Scanned user extensions: 15
[2019-06-25 07:52:01.316] [sharedprocess] [info] Scanned user extensions: 15
[2019-06-25 07:57:01.339] [sharedprocess] [info] Scanned user extensions: 15
[2019-06-25 08:02:01.362] [sharedprocess] [info] Scanned user extensions: 15
[2019-06-25 08:07:01.384] [sharedprocess] [info] Scanned user extensions: 15
[2019-06-25 08:12:01.408] [sharedprocess] [info] Scanned user extensions: 15
[2019-06-25 08:17:01.431] [sharedprocess] [info] Scanned user extensions: 15
[2019-06-25 08:22:01.455] [sharedprocess] [info] Scanned user extensions: 15
[2019-06-25 08:27:01.480] [sharedprocess] [info] Scanned user extensions: 15
[2019-06-25 08:32:01.507] [sharedprocess] [info] Scanned user extensions: 15
[2019-06-25 08:37:01.541] [sharedprocess] [info] Scanned user extensions: 15
[2019-06-25 08:42:01.563] [sharedprocess] [info] Scanned user extensions: 15
[2019-06-25 08:47:01.587] [sharedprocess] [info] Scanned user extensions: 15
[2019-06-25 08:52:01.612] [sharedprocess] [info] Scanned user extensions: 15
[2019-06-25 08:57:01.633] [sharedprocess] [info] Scanned user extensions: 15
[2019-06-25 09:02:01.657] [sharedprocess] [info] Scanned user extensions: 15
[2019-06-25 09:07:01.680] [sharedprocess] [info] Scanned user extensions: 15
[2019-06-25 09:12:01.702] [sharedprocess] [info] Scanned user extensions: 15
[2019-06-25 09:17:01.721] [sharedprocess] [info] Scanned user extensions: 15
[2019-06-25 09:22:01.741] [sharedprocess] [info] Scanned user extensions: 15
[2019-06-25 09:27:01.764] [sharedprocess] [info] Scanned user extensions: 15
[2019-06-25 09:32:01.784] [sharedprocess] [info] Scanned user extensions: 15
[2019-06-25 09:37:01.801] [sharedprocess] [info] Scanned user extensions: 15
[2019-06-25 09:42:01.818] [sharedprocess] [info] Scanned user extensions: 15
[2019-06-25 09:47:01.839] [sharedprocess] [info] Scanned user extensions: 15
[2019-06-25 09:52:01.864] [sharedprocess] [info] Scanned user extensions: 15
[2019-06-25 09:57:01.888] [sharedprocess] [info] Scanned user extensions: 15
[2019-06-25 10:02:01.910] [sharedprocess] [info] Scanned user extensions: 15
[2019-06-25 10:07:01.933] [sharedprocess] [info] Scanned user extensions: 15
[2019-06-25 10:12:01.956] [sharedprocess] [info] Scanned user extensions: 15
[2019-06-25 10:17:01.981] [sharedprocess] [info] Scanned user extensions: 15
[2019-06-25 10:22:01.998] [sharedprocess] [info] Scanned user extensions: 15
[2019-06-25 10:27:02.019] [sharedprocess] [info] Scanned user extensions: 15
[2019-06-25 10:32:02.037] [sharedprocess] [info] Scanned user extensions: 15
[2019-06-25 10:37:02.056] [sharedprocess] [info] Scanned user extensions: 15
[2019-06-25 10:42:02.078] [sharedprocess] [info] Scanned user extensions: 15
[2019-06-25 10:47:02.104] [sharedprocess] [info] Scanned user extensions: 15
[2019-06-25 10:52:02.129] [sharedprocess] [info] Scanned user extensions: 15
[2019-06-25 10:57:02.154] [sharedprocess] [info] Scanned user extensions: 15
[2019-06-25 11:02:02.178] [sharedprocess] [info] Scanned user extensions: 15
[2019-06-25 11:07:02.201] [sharedprocess] [info] Scanned user extensions: 15
[2019-06-25 11:12:02.222] [sharedprocess] [info] Scanned user extensions: 15
[2019-06-25 11:17:02.256] [sharedprocess] [info] Scanned user extensions: 15
[2019-06-25 11:22:02.278] [sharedprocess] [info] Scanned user extensions: 15
[2019-06-25 11:27:02.302] [sharedprocess] [info] Scanned user extensions: 15
[2019-06-25 11:32:02.320] [sharedprocess] [info] Scanned user extensions: 15
[2019-06-25 11:37:02.336] [sharedprocess] [info] Scanned user extensions: 15
[2019-06-25 11:42:02.354] [sharedprocess] [info] Scanned user extensions: 15
[2019-06-25 11:47:02.375] [sharedprocess] [info] Scanned user extensions: 15
[2019-06-25 11:52:02.399] [sharedprocess] [info] Scanned user extensions: 15
[2019-06-25 11:57:02.414] [sharedprocess] [info] Scanned user extensions: 15
[2019-06-25 12:02:02.445] [sharedprocess] [info] Scanned user extensions: 15
[2019-06-25 12:07:02.479] [sharedprocess] [info] Scanned user extensions: 15
[2019-06-25 12:12:02.501] [sharedprocess] [info] Scanned user extensions: 15
[2019-06-25 12:17:02.525] [sharedprocess] [info] Scanned user extensions: 15
[2019-06-25 12:22:02.548] [sharedprocess] [info] Scanned user extensions: 15
[2019-06-25 12:27:02.573] [sharedprocess] [info] Scanned user extensions: 15
[2019-06-25 12:32:02.596] [sharedprocess] [info] Scanned user extensions: 15
[2019-06-25 12:37:02.620] [sharedprocess] [info] Scanned user extensions: 15
[2019-06-25 12:42:02.642] [sharedprocess] [info] Scanned user extensions: 15
[2019-06-25 12:47:02.666] [sharedprocess] [info] Scanned user extensions: 15
[2019-06-25 12:52:02.690] [sharedprocess] [info] Scanned user extensions: 15
[2019-06-25 12:57:02.715] [sharedprocess] [info] Scanned user extensions: 15
[2019-06-25 13:02:02.740] [sharedprocess] [info] Scanned user extensions: 15
[2019-06-25 13:07:02.759] [sharedprocess] [info] Scanned user extensions: 15
[2019-06-25 13:12:02.775] [sharedprocess] [info] Scanned user extensions: 15
[2019-06-25 13:17:02.795] [sharedprocess] [info] Scanned user extensions: 15
[2019-06-25 13:22:02.818] [sharedprocess] [info] Scanned user extensions: 15
[2019-06-25 13:27:02.840] [sharedprocess] [info] Scanned user extensions: 15
[2019-06-25 13:32:02.865] [sharedprocess] [info] Scanned user extensions: 15
[2019-06-25 13:37:02.888] [sharedprocess] [info] Scanned user extensions: 15
[2019-06-25 13:42:02.904] [sharedprocess] [info] Scanned user extensions: 15
[2019-06-25 13:47:02.924] [sharedprocess] [info] Scanned user extensions: 15
[2019-06-25 13:52:02.941] [sharedprocess] [info] Scanned user extensions: 15
[2019-06-25 13:57:02.958] [sharedprocess] [info] Scanned user extensions: 15
[2019-06-25 14:02:02.977] [sharedprocess] [info] Scanned user extensions: 15
[2019-06-25 14:07:02.996] [sharedprocess] [info] Scanned user extensions: 15
[2019-06-25 14:12:03.010] [sharedprocess] [info] Scanned user extensions: 15
[2019-06-25 14:17:03.029] [sharedprocess] [info] Scanned user extensions: 15
[2019-06-25 14:22:03.050] [sharedprocess] [info] Scanned user extensions: 15
[2019-06-25 14:27:03.075] [sharedprocess] [info] Scanned user extensions: 15
[2019-06-25 14:32:03.099] [sharedprocess] [info] Scanned user extensions: 15
[2019-06-25 14:37:03.122] [sharedprocess] [info] Scanned user extensions: 15
[2019-06-25 14:42:03.145] [sharedprocess] [info] Scanned user extensions: 15
[2019-06-25 14:47:03.169] [sharedprocess] [info] Scanned user extensions: 15
[2019-06-25 14:52:03.186] [sharedprocess] [info] Scanned user extensions: 15
[2019-06-25 14:57:03.203] [sharedprocess] [info] Scanned user extensions: 15
[2019-06-25 15:02:03.221] [sharedprocess] [info] Scanned user extensions: 15
[2019-06-25 15:07:03.236] [sharedprocess] [info] Scanned user extensions: 15
[2019-06-25 15:12:03.251] [sharedprocess] [info] Scanned user extensions: 15
[2019-06-25 15:17:03.266] [sharedprocess] [info] Scanned user extensions: 15
[2019-06-25 15:22:03.282] [sharedprocess] [info] Scanned user extensions: 15
[2019-06-25 15:27:03.298] [sharedprocess] [info] Scanned user extensions: 15
[2019-06-25 15:32:03.313] [sharedprocess] [info] Scanned user extensions: 15
[2019-06-25 15:37:03.329] [sharedprocess] [info] Scanned user extensions: 15
[2019-06-25 15:42:03.344] [sharedprocess] [info] Scanned user extensions: 15
[2019-06-25 15:47:03.358] [sharedprocess] [info] Scanned user extensions: 15
[2019-06-25 15:52:03.374] [sharedprocess] [info] Scanned user extensions: 15
[2019-06-25 15:57:03.389] [sharedprocess] [info] Scanned user extensions: 15
[2019-06-25 16:02:03.403] [sharedprocess] [info] Scanned user extensions: 15
[2019-06-25 16:07:03.424] [sharedprocess] [info] Scanned user extensions: 15
[2019-06-25 16:12:03.448] [sharedprocess] [info] Scanned user extensions: 15
[2019-06-25 16:17:03.472] [sharedprocess] [info] Scanned user extensions: 15
[2019-06-25 16:22:03.496] [sharedprocess] [info] Scanned user extensions: 15
[2019-06-25 16:27:03.520] [sharedprocess] [info] Scanned user extensions: 15
[2019-06-25 16:32:03.543] [sharedprocess] [info] Scanned user extensions: 15
[2019-06-25 16:37:03.566] [sharedprocess] [info] Scanned user extensions: 15
[2019-06-25 16:42:03.588] [sharedprocess] [info] Scanned user extensions: 15
[2019-06-25 16:47:03.613] [sharedprocess] [info] Scanned user extensions: 15
[2019-06-25 16:52:03.635] [sharedprocess] [info] Scanned user extensions: 15
[2019-06-25 16:57:03.663] [sharedprocess] [info] Scanned user extensions: 15
[2019-06-25 17:02:03.688] [sharedprocess] [info] Scanned user extensions: 15
[2019-06-25 17:07:03.711] [sharedprocess] [info] Scanned user extensions: 15
[2019-06-25 17:12:03.732] [sharedprocess] [info] Scanned user extensions: 15
[2019-06-25 17:17:03.756] [sharedprocess] [info] Scanned user extensions: 15
[2019-06-25 17:22:03.779] [sharedprocess] [info] Scanned user extensions: 15
[2019-06-25 17:27:03.802] [sharedprocess] [info] Scanned user extensions: 15
[2019-06-25 17:32:03.825] [sharedprocess] [info] Scanned user extensions: 15
[2019-06-25 17:37:03.849] [sharedprocess] [info] Scanned user extensions: 15
[2019-06-25 17:42:03.868] [sharedprocess] [info] Scanned user extensions: 15
[2019-06-25 17:47:03.890] [sharedprocess] [info] Scanned user extensions: 15
[2019-06-25 17:52:03.908] [sharedprocess] [info] Scanned user extensions: 15
[2019-06-25 17:57:03.923] [sharedprocess] [info] Scanned user extensions: 15
[2019-06-25 18:02:03.938] [sharedprocess] [info] Scanned user extensions: 15
[2019-06-25 18:07:03.955] [sharedprocess] [info] Scanned user extensions: 15
[2019-06-25 18:12:03.969] [sharedprocess] [info] Scanned user extensions: 15
[2019-06-25 18:17:03.985] [sharedprocess] [info] Scanned user extensions: 15
[2019-06-25 18:22:04.001] [sharedprocess] [info] Scanned user extensions: 15
[2019-06-25 18:27:04.016] [sharedprocess] [info] Scanned user extensions: 15
[2019-06-25 18:32:04.030] [sharedprocess] [info] Scanned user extensions: 15
[2019-06-25 18:37:04.045] [sharedprocess] [info] Scanned user extensions: 15
[2019-06-25 18:42:04.059] [sharedprocess] [info] Scanned user extensions: 15
[2019-06-25 18:47:04.074] [sharedprocess] [info] Scanned user extensions: 15
[2019-06-25 18:52:04.089] [sharedprocess] [info] Scanned user extensions: 15
[2019-06-25 18:57:04.106] [sharedprocess] [info] Scanned user extensions: 15
[2019-06-25 19:02:04.123] [sharedprocess] [info] Scanned user extensions: 15
[2019-06-25 19:07:04.142] [sharedprocess] [info] Scanned user extensions: 15
[2019-06-25 19:12:04.167] [sharedprocess] [info] Scanned user extensions: 15
[2019-06-25 19:17:04.191] [sharedprocess] [info] Scanned user extensions: 15
[2019-06-25 19:22:04.213] [sharedprocess] [info] Scanned user extensions: 15
[2019-06-25 19:27:04.238] [sharedprocess] [info] Scanned user extensions: 15
[2019-06-25 19:32:04.261] [sharedprocess] [info] Scanned user extensions: 15
[2019-06-25 19:37:04.284] [sharedprocess] [info] Scanned user extensions: 15
[2019-06-25 19:42:04.308] [sharedprocess] [info] Scanned user extensions: 15
[2019-06-25 19:47:04.331] [sharedprocess] [info] Scanned user extensions: 15
[2019-06-25 19:52:04.354] [sharedprocess] [info] Scanned user extensions: 15
[2019-06-25 19:57:04.377] [sharedprocess] [info] Scanned user extensions: 15
[2019-06-25 20:02:04.399] [sharedprocess] [info] Scanned user extensions: 15
[2019-06-25 20:07:04.422] [sharedprocess] [info] Scanned user extensions: 15
[2019-06-25 20:12:04.444] [sharedprocess] [info] Scanned user extensions: 15
[2019-06-25 20:17:04.464] [sharedprocess] [info] Scanned user extensions: 15
[2019-06-25 20:22:04.487] [sharedprocess] [info] Scanned user extensions: 15
[2019-06-25 20:27:04.503] [sharedprocess] [info] Scanned user extensions: 15
[2019-06-25 20:32:04.527] [sharedprocess] [info] Scanned user extensions: 15
[2019-06-25 20:37:04.551] [sharedprocess] [info] Scanned user extensions: 15
[2019-06-25 20:42:04.572] [sharedprocess] [info] Scanned user extensions: 15
[2019-06-25 20:47:04.592] [sharedprocess] [info] Scanned user extensions: 15
[2019-06-25 20:52:04.608] [sharedprocess] [info] Scanned user extensions: 15
[2019-06-25 20:57:04.624] [sharedprocess] [info] Scanned user extensions: 15
[2019-06-25 21:02:04.640] [sharedprocess] [info] Scanned user extensions: 15
[2019-06-25 21:07:04.654] [sharedprocess] [info] Scanned user extensions: 15
[2019-06-25 21:12:04.669] [sharedprocess] [info] Scanned user extensions: 15
[2019-06-25 21:17:04.685] [sharedprocess] [info] Scanned user extensions: 15
[2019-06-25 21:22:04.700] [sharedprocess] [info] Scanned user extensions: 15
[2019-06-25 21:27:04.715] [sharedprocess] [info] Scanned user extensions: 15
[2019-06-25 21:32:04.731] [sharedprocess] [info] Scanned user extensions: 15
[2019-06-25 21:37:04.746] [sharedprocess] [info] Scanned user extensions: 15
[2019-06-25 21:42:04.761] [sharedprocess] [info] Scanned user extensions: 15
[2019-06-25 21:47:04.777] [sharedprocess] [info] Scanned user extensions: 15
[2019-06-25 21:52:04.792] [sharedprocess] [info] Scanned user extensions: 15
[2019-06-25 21:57:04.807] [sharedprocess] [info] Scanned user extensions: 15
[2019-06-25 22:02:04.825] [sharedprocess] [info] Scanned user extensions: 15
[2019-06-25 22:07:04.840] [sharedprocess] [info] Scanned user extensions: 15
[2019-06-25 22:12:04.853] [sharedprocess] [info] Scanned user extensions: 15
[2019-06-25 22:17:04.868] [sharedprocess] [info] Scanned user extensions: 15
[2019-06-25 22:22:04.883] [sharedprocess] [info] Scanned user extensions: 15
[2019-06-25 22:27:04.904] [sharedprocess] [info] Scanned user extensions: 15
[2019-06-25 22:32:04.927] [sharedprocess] [info] Scanned user extensions: 15
[2019-06-25 22:37:04.950] [sharedprocess] [info] Scanned user extensions: 15
[2019-06-25 22:42:04.971] [sharedprocess] [info] Scanned user extensions: 15
[2019-06-25 22:47:04.996] [sharedprocess] [info] Scanned user extensions: 15
[2019-06-25 22:52:05.018] [sharedprocess] [info] Scanned user extensions: 15
[2019-06-25 22:57:05.040] [sharedprocess] [info] Scanned user extensions: 15
[2019-06-25 23:02:05.063] [sharedprocess] [info] Scanned user extensions: 15
[2019-06-25 23:07:05.085] [sharedprocess] [info] Scanned user extensions: 15
[2019-06-25 23:12:05.106] [sharedprocess] [info] Scanned user extensions: 15
[2019-06-25 23:17:05.129] [sharedprocess] [info] Scanned user extensions: 15
[2019-06-25 23:22:05.151] [sharedprocess] [info] Scanned user extensions: 15
[2019-06-25 23:27:05.173] [sharedprocess] [info] Scanned user extensions: 15
[2019-06-25 23:32:05.197] [sharedprocess] [info] Scanned user extensions: 15
[2019-06-25 23:37:05.219] [sharedprocess] [info] Scanned user extensions: 15
[2019-06-25 23:42:05.240] [sharedprocess] [info] Scanned user extensions: 15
[2019-06-25 23:47:05.264] [sharedprocess] [info] Scanned user extensions: 15
[2019-06-25 23:52:05.288] [sharedprocess] [info] Scanned user extensions: 15
[2019-06-25 23:57:05.307] [sharedprocess] [info] Scanned user extensions: 15
[2019-06-26 00:02:05.323] [sharedprocess] [info] Scanned user extensions: 15
[2019-06-26 00:07:05.338] [sharedprocess] [info] Scanned user extensions: 15
[2019-06-26 00:12:05.353] [sharedprocess] [info] Scanned user extensions: 15
[2019-06-26 00:17:05.369] [sharedprocess] [info] Scanned user extensions: 15
[2019-06-26 00:22:05.384] [sharedprocess] [info] Scanned user extensions: 15
[2019-06-26 00:27:05.398] [sharedprocess] [info] Scanned user extensions: 15
[2019-06-26 00:32:05.414] [sharedprocess] [info] Scanned user extensions: 15
[2019-06-26 00:37:05.428] [sharedprocess] [info] Scanned user extensions: 15
[2019-06-26 00:42:05.443] [sharedprocess] [info] Scanned user extensions: 15
[2019-06-26 00:47:05.459] [sharedprocess] [info] Scanned user extensions: 15
[2019-06-26 00:52:05.475] [sharedprocess] [info] Scanned user extensions: 15
[2019-06-26 00:57:05.491] [sharedprocess] [info] Scanned user extensions: 15
[2019-06-26 01:02:05.506] [sharedprocess] [info] Scanned user extensions: 15
[2019-06-26 01:07:05.522] [sharedprocess] [info] Scanned user extensions: 15
[2019-06-26 01:12:05.536] [sharedprocess] [info] Scanned user extensions: 15
[2019-06-26 01:17:05.552] [sharedprocess] [info] Scanned user extensions: 15
[2019-06-26 01:22:05.567] [sharedprocess] [info] Scanned user extensions: 15
[2019-06-26 01:27:05.582] [sharedprocess] [info] Scanned user extensions: 15
[2019-06-26 01:32:05.597] [sharedprocess] [info] Scanned user extensions: 15
[2019-06-26 01:37:05.611] [sharedprocess] [info] Scanned user extensions: 15
[2019-06-26 01:42:05.625] [sharedprocess] [info] Scanned user extensions: 15
[2019-06-26 01:47:05.639] [sharedprocess] [info] Scanned user extensions: 15
[2019-06-26 01:52:05.654] [sharedprocess] [info] Scanned user extensions: 15
[2019-06-26 01:57:05.673] [sharedprocess] [info] Scanned user extensions: 15
[2019-06-26 02:02:05.695] [sharedprocess] [info] Scanned user extensions: 15
[2019-06-26 02:07:05.718] [sharedprocess] [info] Scanned user extensions: 15
[2019-06-26 02:12:05.739] [sharedprocess] [info] Scanned user extensions: 15
[2019-06-26 02:17:05.762] [sharedprocess] [info] Scanned user extensions: 15
[2019-06-26 02:22:05.786] [sharedprocess] [info] Scanned user extensions: 15
[2019-06-26 02:27:05.807] [sharedprocess] [info] Scanned user extensions: 15
[2019-06-26 02:32:05.830] [sharedprocess] [info] Scanned user extensions: 15
[2019-06-26 02:37:05.852] [sharedprocess] [info] Scanned user extensions: 15
[2019-06-26 02:42:05.873] [sharedprocess] [info] Scanned user extensions: 15
[2019-06-26 02:47:05.896] [sharedprocess] [info] Scanned user extensions: 15
[2019-06-26 02:52:05.919] [sharedprocess] [info] Scanned user extensions: 15
[2019-06-26 02:57:05.941] [sharedprocess] [info] Scanned user extensions: 15
[2019-06-26 03:02:05.963] [sharedprocess] [info] Scanned user extensions: 15
[2019-06-26 03:07:05.987] [sharedprocess] [info] Scanned user extensions: 15
[2019-06-26 03:12:06.009] [sharedprocess] [info] Scanned user extensions: 15
[2019-06-26 03:17:06.029] [sharedprocess] [info] Scanned user extensions: 15
[2019-06-26 03:22:06.046] [sharedprocess] [info] Scanned user extensions: 15
[2019-06-26 03:27:06.061] [sharedprocess] [info] Scanned user extensions: 15
[2019-06-26 03:32:06.076] [sharedprocess] [info] Scanned user extensions: 15
[2019-06-26 03:37:06.092] [sharedprocess] [info] Scanned user extensions: 15
[2019-06-26 03:42:06.108] [sharedprocess] [info] Scanned user extensions: 15
[2019-06-26 03:47:06.126] [sharedprocess] [info] Scanned user extensions: 15
[2019-06-26 03:52:06.142] [sharedprocess] [info] Scanned user extensions: 15
[2019-06-26 03:57:06.156] [sharedprocess] [info] Scanned user extensions: 15
[2019-06-26 04:02:06.170] [sharedprocess] [info] Scanned user extensions: 15
[2019-06-26 04:07:06.185] [sharedprocess] [info] Scanned user extensions: 15
[2019-06-26 04:12:06.202] [sharedprocess] [info] Scanned user extensions: 15
[2019-06-26 04:17:06.216] [sharedprocess] [info] Scanned user extensions: 15
[2019-06-26 04:22:06.231] [sharedprocess] [info] Scanned user extensions: 15
[2019-06-26 04:27:06.246] [sharedprocess] [info] Scanned user extensions: 15
[2019-06-26 04:32:06.260] [sharedprocess] [info] Scanned user extensions: 15
[2019-06-26 04:37:06.276] [sharedprocess] [info] Scanned user extensions: 15
[2019-06-26 04:42:06.292] [sharedprocess] [info] Scanned user extensions: 15
[2019-06-26 04:47:06.307] [sharedprocess] [info] Scanned user extensions: 15
[2019-06-26 04:52:06.321] [sharedprocess] [info] Scanned user extensions: 15
[2019-06-26 04:57:06.336] [sharedprocess] [info] Scanned user extensions: 15
[2019-06-26 05:02:06.352] [sharedprocess] [info] Scanned user extensions: 15
[2019-06-26 05:07:06.367] [sharedprocess] [info] Scanned user extensions: 15
[2019-06-26 05:12:06.382] [sharedprocess] [info] Scanned user extensions: 15
[2019-06-26 05:17:06.398] [sharedprocess] [info] Scanned user extensions: 15
[2019-06-26 05:22:06.413] [sharedprocess] [info] Scanned user extensions: 15
[2019-06-26 05:27:06.427] [sharedprocess] [info] Scanned user extensions: 15
[2019-06-26 05:32:06.441] [sharedprocess] [info] Scanned user extensions: 15
[2019-06-26 05:37:06.455] [sharedprocess] [info] Scanned user extensions: 15
[2019-06-26 05:42:06.468] [sharedprocess] [info] Scanned user extensions: 15
[2019-06-26 05:47:06.488] [sharedprocess] [info] Scanned user extensions: 15
[2019-06-26 05:52:06.505] [sharedprocess] [info] Scanned user extensions: 15
[2019-06-26 05:57:06.524] [sharedprocess] [info] Scanned user extensions: 15
[2019-06-26 06:02:06.547] [sharedprocess] [info] Scanned user extensions: 15
[2019-06-26 06:07:06.569] [sharedprocess] [info] Scanned user extensions: 15
[2019-06-26 06:12:06.591] [sharedprocess] [info] Scanned user extensions: 15
[2019-06-26 06:17:06.615] [sharedprocess] [info] Scanned user extensions: 15
[2019-06-26 06:22:06.638] [sharedprocess] [info] Scanned user extensions: 15
[2019-06-26 06:27:06.663] [sharedprocess] [info] Scanned user extensions: 15
[2019-06-26 06:32:06.686] [sharedprocess] [info] Scanned user extensions: 15
[2019-06-26 06:37:06.710] [sharedprocess] [info] Scanned user extensions: 15
[2019-06-26 06:42:06.731] [sharedprocess] [info] Scanned user extensions: 15
[2019-06-26 06:47:06.754] [sharedprocess] [info] Scanned user extensions: 15
[2019-06-26 06:52:06.776] [sharedprocess] [info] Scanned user extensions: 15
[2019-06-26 06:57:06.797] [sharedprocess] [info] Scanned user extensions: 15
[2019-06-26 07:02:06.815] [sharedprocess] [info] Scanned user extensions: 15
[2019-06-26 07:07:06.830] [sharedprocess] [info] Scanned user extensions: 15
[2019-06-26 07:12:06.846] [sharedprocess] [info] Scanned user extensions: 15
[2019-06-26 07:17:06.861] [sharedprocess] [info] Scanned user extensions: 15
[2019-06-26 07:22:06.876] [sharedprocess] [info] Scanned user extensions: 15
[2019-06-26 07:27:06.891] [sharedprocess] [info] Scanned user extensions: 15
[2019-06-26 07:32:06.906] [sharedprocess] [info] Scanned user extensions: 15
[2019-06-26 07:37:06.921] [sharedprocess] [info] Scanned user extensions: 15
[2019-06-26 07:42:06.935] [sharedprocess] [info] Scanned user extensions: 15
[2019-06-26 07:47:06.951] [sharedprocess] [info] Scanned user extensions: 15
[2019-06-26 07:52:06.965] [sharedprocess] [info] Scanned user extensions: 15
[2019-06-26 07:57:06.980] [sharedprocess] [info] Scanned user extensions: 15
[2019-06-26 08:02:06.994] [sharedprocess] [info] Scanned user extensions: 15
[2019-06-26 08:07:07.009] [sharedprocess] [info] Scanned user extensions: 15
[2019-06-26 08:12:07.023] [sharedprocess] [info] Scanned user extensions: 15
[2019-06-26 08:17:07.038] [sharedprocess] [info] Scanned user extensions: 15
[2019-06-26 08:22:07.052] [sharedprocess] [info] Scanned user extensions: 15
[2019-06-26 08:27:07.067] [sharedprocess] [info] Scanned user extensions: 15
[2019-06-26 08:32:07.083] [sharedprocess] [info] Scanned user extensions: 15
[2019-06-26 08:37:07.097] [sharedprocess] [info] Scanned user extensions: 15
[2019-06-26 08:42:07.111] [sharedprocess] [info] Scanned user extensions: 15
[2019-06-26 08:47:07.126] [sharedprocess] [info] Scanned user extensions: 15
[2019-06-26 08:52:07.140] [sharedprocess] [info] Scanned user extensions: 15
[2019-06-26 08:57:07.154] [sharedprocess] [info] Scanned user extensions: 15
[2019-06-26 09:02:07.168] [sharedprocess] [info] Scanned user extensions: 15
[2019-06-26 09:07:07.182] [sharedprocess] [info] Scanned user extensions: 15
[2019-06-26 09:12:07.202] [sharedprocess] [info] Scanned user extensions: 15
[2019-06-26 09:17:07.235] [sharedprocess] [info] Scanned user extensions: 15
[2019-06-26 09:22:07.259] [sharedprocess] [info] Scanned user extensions: 15
[2019-06-26 09:27:07.274] [sharedprocess] [info] Scanned user extensions: 15
[2019-06-26 09:32:07.297] [sharedprocess] [info] Scanned user extensions: 15
[2019-06-26 09:37:07.329] [sharedprocess] [info] Scanned user extensions: 15
[2019-06-26 09:42:07.362] [sharedprocess] [info] Scanned user extensions: 15
[2019-06-26 09:47:07.384] [sharedprocess] [info] Scanned user extensions: 15
[2019-06-26 09:52:07.407] [sharedprocess] [info] Scanned user extensions: 15
[2019-06-26 09:57:07.430] [sharedprocess] [info] Scanned user extensions: 15
[2019-06-26 10:02:07.454] [sharedprocess] [info] Scanned user extensions: 15
[2019-06-26 10:07:07.477] [sharedprocess] [info] Scanned user extensions: 15
[2019-06-26 10:12:07.500] [sharedprocess] [info] Scanned user extensions: 15
[2019-06-26 10:17:07.515] [sharedprocess] [info] Scanned user extensions: 15
[2019-06-26 10:22:07.553] [sharedprocess] [info] Scanned user extensions: 15
[2019-06-26 10:27:07.582] [sharedprocess] [info] Scanned user extensions: 15
[2019-06-26 10:32:07.598] [sharedprocess] [info] Scanned user extensions: 15
[2019-06-26 10:37:07.621] [sharedprocess] [info] Scanned user extensions: 15
[2019-06-26 10:42:07.652] [sharedprocess] [info] Scanned user extensions: 15
[2019-06-26 10:47:07.684] [sharedprocess] [info] Scanned user extensions: 15
[2019-06-26 10:52:07.709] [sharedprocess] [info] Scanned user extensions: 15
[2019-06-26 10:57:07.734] [sharedprocess] [info] Scanned user extensions: 15
[2019-06-26 11:02:07.764] [sharedprocess] [info] Scanned user extensions: 15
[2019-06-26 11:07:07.801] [sharedprocess] [info] Scanned user extensions: 15
[2019-06-26 11:12:07.828] [sharedprocess] [info] Scanned user extensions: 15
[2019-06-26 11:17:07.843] [sharedprocess] [info] Scanned user extensions: 15
[2019-06-26 11:22:07.867] [sharedprocess] [info] Scanned user extensions: 15
[2019-06-26 11:27:07.894] [sharedprocess] [info] Scanned user extensions: 15
[2019-06-26 11:32:07.910] [sharedprocess] [info] Scanned user extensions: 15
[2019-06-26 11:37:07.951] [sharedprocess] [info] Scanned user extensions: 15
[2019-06-26 11:42:07.965] [sharedprocess] [info] Scanned user extensions: 15
[2019-06-26 11:47:07.983] [sharedprocess] [info] Scanned user extensions: 15
[2019-06-26 11:52:07.998] [sharedprocess] [info] Scanned user extensions: 15
[2019-06-26 11:57:08.013] [sharedprocess] [info] Scanned user extensions: 15
[2019-06-26 12:02:08.028] [sharedprocess] [info] Scanned user extensions: 15
[2019-06-26 12:07:08.043] [sharedprocess] [info] Scanned user extensions: 15
[2019-06-26 12:12:08.058] [sharedprocess] [info] Scanned user extensions: 15
[2019-06-26 12:17:08.073] [sharedprocess] [info] Scanned user extensions: 15
[2019-06-26 12:22:08.089] [sharedprocess] [info] Scanned user extensions: 15
[2019-06-26 12:27:08.105] [sharedprocess] [info] Scanned user extensions: 15
[2019-06-26 12:32:08.120] [sharedprocess] [info] Scanned user extensions: 15
[2019-06-26 12:37:08.137] [sharedprocess] [info] Scanned user extensions: 15
[2019-06-26 12:42:08.152] [sharedprocess] [info] Scanned user extensions: 15
[2019-06-26 12:47:08.167] [sharedprocess] [info] Scanned user extensions: 15
[2019-06-26 12:52:08.183] [sharedprocess] [info] Scanned user extensions: 15
[2019-06-26 12:57:08.198] [sharedprocess] [info] Scanned user extensions: 15
[2019-06-26 13:02:08.212] [sharedprocess] [info] Scanned user extensions: 15
[2019-06-26 13:07:08.228] [sharedprocess] [info] Scanned user extensions: 15
[2019-06-26 13:12:08.249] [sharedprocess] [info] Scanned user extensions: 15
[2019-06-26 13:17:08.286] [sharedprocess] [info] Scanned user extensions: 15
[2019-06-26 13:22:08.314] [sharedprocess] [info] Scanned user extensions: 15
[2019-06-26 13:27:08.329] [sharedprocess] [info] Scanned user extensions: 15
[2019-06-26 13:32:08.344] [sharedprocess] [info] Scanned user extensions: 15
[2019-06-26 13:37:08.363] [sharedprocess] [info] Scanned user extensions: 15
[2019-06-26 13:42:08.377] [sharedprocess] [info] Scanned user extensions: 15
[2019-06-26 13:47:08.392] [sharedprocess] [info] Scanned user extensions: 15
[2019-06-26 13:52:08.407] [sharedprocess] [info] Scanned user extensions: 15
[2019-06-26 13:57:08.423] [sharedprocess] [info] Scanned user extensions: 15
[2019-06-26 14:02:08.439] [sharedprocess] [info] Scanned user extensions: 15
[2019-06-26 14:07:08.456] [sharedprocess] [info] Scanned user extensions: 15
[2019-06-26 14:12:08.472] [sharedprocess] [info] Scanned user extensions: 15
[2019-06-26 14:17:08.486] [sharedprocess] [info] Scanned user extensions: 15
[2019-06-26 14:22:08.502] [sharedprocess] [info] Scanned user extensions: 15
[2019-06-26 14:27:08.516] [sharedprocess] [info] Scanned user extensions: 15
[2019-06-26 14:32:08.537] [sharedprocess] [info] Scanned user extensions: 15
[2019-06-26 14:37:08.554] [sharedprocess] [info] Scanned user extensions: 15
[2019-06-26 14:42:08.569] [sharedprocess] [info] Scanned user extensions: 15
[2019-06-26 14:47:08.588] [sharedprocess] [info] Scanned user extensions: 15
[2019-06-26 14:52:08.608] [sharedprocess] [info] Scanned user extensions: 15
[2019-06-26 14:57:08.624] [sharedprocess] [info] Scanned user extensions: 15
[2019-06-26 15:02:08.639] [sharedprocess] [info] Scanned user extensions: 15
[2019-06-26 15:07:08.656] [sharedprocess] [info] Scanned user extensions: 15
[2019-06-26 15:12:08.670] [sharedprocess] [info] Scanned user extensions: 15
[2019-06-26 15:17:08.688] [sharedprocess] [info] Scanned user extensions: 15
[2019-06-26 15:22:08.706] [sharedprocess] [info] Scanned user extensions: 15
[2019-06-26 15:27:08.722] [sharedprocess] [info] Scanned user extensions: 15
[2019-06-26 15:32:08.736] [sharedprocess] [info] Scanned user extensions: 15
[2019-06-26 15:37:08.753] [sharedprocess] [info] Scanned user extensions: 15
[2019-06-26 15:42:08.767] [sharedprocess] [info] Scanned user extensions: 15
[2019-06-26 15:47:08.782] [sharedprocess] [info] Scanned user extensions: 15
[2019-06-26 15:52:08.802] [sharedprocess] [info] Scanned user extensions: 15
[2019-06-26 15:57:08.819] [sharedprocess] [info] Scanned user extensions: 15
[2019-06-26 16:02:08.835] [sharedprocess] [info] Scanned user extensions: 15
[2019-06-26 16:07:08.851] [sharedprocess] [info] Scanned user extensions: 15
[2019-06-26 16:12:08.865] [sharedprocess] [info] Scanned user extensions: 15
[2019-06-26 16:17:08.880] [sharedprocess] [info] Scanned user extensions: 15
[2019-06-26 16:22:08.896] [sharedprocess] [info] Scanned user extensions: 15
[2019-06-26 16:27:08.911] [sharedprocess] [info] Scanned user extensions: 15
[2019-06-26 16:32:08.926] [sharedprocess] [info] Scanned user extensions: 15
[2019-06-26 16:37:08.943] [sharedprocess] [info] Scanned user extensions: 15
[2019-06-26 16:42:08.957] [sharedprocess] [info] Scanned user extensions: 15
[2019-06-26 16:47:08.972] [sharedprocess] [info] Scanned user extensions: 15
[2019-06-26 16:52:08.992] [sharedprocess] [info] Scanned user extensions: 15
[2019-06-26 16:57:09.015] [sharedprocess] [info] Scanned user extensions: 15
[2019-06-26 17:02:09.039] [sharedprocess] [info] Scanned user extensions: 15
[2019-06-26 17:07:09.062] [sharedprocess] [info] Scanned user extensions: 15
[2019-06-26 17:12:09.079] [sharedprocess] [info] Scanned user extensions: 15
[2019-06-26 17:17:09.095] [sharedprocess] [info] Scanned user extensions: 15
[2019-06-26 17:22:09.126] [sharedprocess] [info] Scanned user extensions: 15
[2019-06-26 17:27:09.144] [sharedprocess] [info] Scanned user extensions: 15
[2019-06-26 17:32:09.171] [sharedprocess] [info] Scanned user extensions: 15
[2019-06-26 17:37:09.188] [sharedprocess] [info] Scanned user extensions: 15
[2019-06-26 17:42:09.205] [sharedprocess] [info] Scanned user extensions: 15
[2019-06-26 17:47:09.219] [sharedprocess] [info] Scanned user extensions: 15
[2019-06-26 17:52:09.235] [sharedprocess] [info] Scanned user extensions: 15
[2019-06-26 17:57:09.251] [sharedprocess] [info] Scanned user extensions: 15
[2019-06-26 18:02:09.267] [sharedprocess] [info] Scanned user extensions: 15
[2019-06-26 18:07:09.282] [sharedprocess] [info] Scanned user extensions: 15
[2019-06-26 18:12:09.298] [sharedprocess] [info] Scanned user extensions: 15
[2019-06-26 18:17:09.314] [sharedprocess] [info] Scanned user extensions: 15
[2019-06-26 18:22:09.328] [sharedprocess] [info] Scanned user extensions: 15
[2019-06-26 18:27:09.343] [sharedprocess] [info] Scanned user extensions: 15
[2019-06-26 18:32:09.361] [sharedprocess] [info] Scanned user extensions: 15
[2019-06-26 18:37:09.375] [sharedprocess] [info] Scanned user extensions: 15
[2019-06-26 18:42:09.389] [sharedprocess] [info] Scanned user extensions: 15
[2019-06-26 18:47:09.406] [sharedprocess] [info] Scanned user extensions: 15
[2019-06-26 18:52:09.420] [sharedprocess] [info] Scanned user extensions: 15
[2019-06-26 18:57:09.436] [sharedprocess] [info] Scanned user extensions: 15
[2019-06-26 19:02:09.452] [sharedprocess] [info] Scanned user extensions: 15
[2019-06-26 19:07:09.467] [sharedprocess] [info] Scanned user extensions: 15
[2019-06-26 19:12:09.481] [sharedprocess] [info] Scanned user extensions: 15
[2019-06-26 19:17:09.497] [sharedprocess] [info] Scanned user extensions: 15
[2019-06-26 19:22:09.511] [sharedprocess] [info] Scanned user extensions: 15
[2019-06-26 19:27:09.527] [sharedprocess] [info] Scanned user extensions: 15
[2019-06-26 19:32:09.542] [sharedprocess] [info] Scanned user extensions: 15
[2019-06-26 19:37:09.557] [sharedprocess] [info] Scanned user extensions: 15
[2019-06-26 19:42:09.573] [sharedprocess] [info] Scanned user extensions: 15
[2019-06-26 19:47:09.588] [sharedprocess] [info] Scanned user extensions: 15
[2019-06-26 19:52:09.604] [sharedprocess] [info] Scanned user extensions: 15
[2019-06-26 19:57:09.619] [sharedprocess] [info] Scanned user extensions: 15
[2019-06-26 20:02:09.630] [sharedprocess] [info] Scanned user extensions: 15
[2019-06-26 20:07:09.648] [sharedprocess] [info] Scanned user extensions: 15
[2019-06-26 20:12:09.660] [sharedprocess] [info] Scanned user extensions: 15
[2019-06-26 20:17:09.685] [sharedprocess] [info] Scanned user extensions: 15
[2019-06-26 20:22:09.705] [sharedprocess] [info] Scanned user extensions: 15
[2019-06-26 20:27:09.721] [sharedprocess] [info] Scanned user extensions: 15
[2019-06-26 20:32:09.752] [sharedprocess] [info] Scanned user extensions: 15
[2019-06-26 20:37:09.787] [sharedprocess] [info] Scanned user extensions: 15
[2019-06-26 20:42:09.834] [sharedprocess] [info] Scanned user extensions: 15
[2019-06-26 20:47:09.850] [sharedprocess] [info] Scanned user extensions: 15
[2019-06-26 20:52:09.868] [sharedprocess] [info] Scanned user extensions: 15
[2019-06-26 20:57:09.882] [sharedprocess] [info] Scanned user extensions: 15
[2019-06-26 21:02:09.899] [sharedprocess] [info] Scanned user extensions: 15
[2019-06-26 21:07:09.913] [sharedprocess] [info] Scanned user extensions: 15
[2019-06-26 21:12:09.927] [sharedprocess] [info] Scanned user extensions: 15
[2019-06-26 21:17:09.943] [sharedprocess] [info] Scanned user extensions: 15
[2019-06-26 21:22:09.958] [sharedprocess] [info] Scanned user extensions: 15
[2019-06-26 21:27:09.974] [sharedprocess] [info] Scanned user extensions: 15
[2019-06-26 21:32:09.990] [sharedprocess] [info] Scanned user extensions: 15
[2019-06-26 21:37:10.004] [sharedprocess] [info] Scanned user extensions: 15
[2019-06-26 21:42:10.019] [sharedprocess] [info] Scanned user extensions: 15
[2019-06-26 21:47:10.034] [sharedprocess] [info] Scanned user extensions: 15
[2019-06-26 21:52:10.051] [sharedprocess] [info] Scanned user extensions: 15
[2019-06-26 21:57:10.065] [sharedprocess] [info] Scanned user extensions: 15
[2019-06-26 22:02:10.081] [sharedprocess] [info] Scanned user extensions: 15
[2019-06-26 22:07:10.097] [sharedprocess] [info] Scanned user extensions: 15
[2019-06-26 22:12:10.111] [sharedprocess] [info] Scanned user extensions: 15
[2019-06-26 22:17:10.126] [sharedprocess] [info] Scanned user extensions: 15
[2019-06-26 22:22:10.140] [sharedprocess] [info] Scanned user extensions: 15
[2019-06-26 22:27:10.155] [sharedprocess] [info] Scanned user extensions: 15
[2019-06-26 22:32:10.169] [sharedprocess] [info] Scanned user extensions: 15
[2019-06-26 22:37:10.185] [sharedprocess] [info] Scanned user extensions: 15
[2019-06-26 22:42:10.200] [sharedprocess] [info] Scanned user extensions: 15
[2019-06-26 22:47:10.214] [sharedprocess] [info] Scanned user extensions: 15
[2019-06-26 22:52:10.229] [sharedprocess] [info] Scanned user extensions: 15
[2019-06-26 22:57:10.244] [sharedprocess] [info] Scanned user extensions: 15
[2019-06-26 23:02:10.259] [sharedprocess] [info] Scanned user extensions: 15
[2019-06-26 23:07:10.274] [sharedprocess] [info] Scanned user extensions: 15
[2019-06-26 23:12:10.288] [sharedprocess] [info] Scanned user extensions: 15
[2019-06-26 23:17:10.302] [sharedprocess] [info] Scanned user extensions: 15
[2019-06-26 23:22:10.317] [sharedprocess] [info] Scanned user extensions: 15
[2019-06-26 23:27:10.341] [sharedprocess] [info] Scanned user extensions: 15
[2019-06-26 23:32:10.369] [sharedprocess] [info] Scanned user extensions: 15
[2019-06-26 23:37:10.396] [sharedprocess] [info] Scanned user extensions: 15
[2019-06-26 23:42:10.426] [sharedprocess] [info] Scanned user extensions: 15
[2019-06-26 23:47:10.462] [sharedprocess] [info] Scanned user extensions: 15
[2019-06-26 23:52:10.494] [sharedprocess] [info] Scanned user extensions: 15
[2019-06-26 23:57:10.516] [sharedprocess] [info] Scanned user extensions: 15
[2019-06-27 00:02:10.555] [sharedprocess] [info] Scanned user extensions: 15
[2019-06-27 00:07:10.570] [sharedprocess] [info] Scanned user extensions: 15
[2019-06-27 00:12:10.584] [sharedprocess] [info] Scanned user extensions: 15
[2019-06-27 00:17:10.599] [sharedprocess] [info] Scanned user extensions: 15
[2019-06-27 00:22:10.613] [sharedprocess] [info] Scanned user extensions: 15
[2019-06-27 00:27:10.628] [sharedprocess] [info] Scanned user extensions: 15
[2019-06-27 00:32:10.642] [sharedprocess] [info] Scanned user extensions: 15
[2019-06-27 00:37:10.658] [sharedprocess] [info] Scanned user extensions: 15
[2019-06-27 00:42:10.673] [sharedprocess] [info] Scanned user extensions: 15
[2019-06-27 00:47:10.688] [sharedprocess] [info] Scanned user extensions: 15
[2019-06-27 00:52:10.702] [sharedprocess] [info] Scanned user extensions: 15
[2019-06-27 00:57:10.719] [sharedprocess] [info] Scanned user extensions: 15
[2019-06-27 01:02:10.734] [sharedprocess] [info] Scanned user extensions: 15
[2019-06-27 01:07:10.749] [sharedprocess] [info] Scanned user extensions: 15
[2019-06-27 01:12:10.764] [sharedprocess] [info] Scanned user extensions: 15
[2019-06-27 01:17:10.778] [sharedprocess] [info] Scanned user extensions: 15
[2019-06-27 01:22:10.792] [sharedprocess] [info] Scanned user extensions: 15
[2019-06-27 01:27:10.807] [sharedprocess] [info] Scanned user extensions: 15
[2019-06-27 01:32:10.823] [sharedprocess] [info] Scanned user extensions: 15
[2019-06-27 01:37:10.838] [sharedprocess] [info] Scanned user extensions: 15
[2019-06-27 01:42:10.854] [sharedprocess] [info] Scanned user extensions: 15
[2019-06-27 01:47:10.869] [sharedprocess] [info] Scanned user extensions: 15
[2019-06-27 01:52:10.884] [sharedprocess] [info] Scanned user extensions: 15
[2019-06-27 01:57:10.898] [sharedprocess] [info] Scanned user extensions: 15
[2019-06-27 02:02:10.913] [sharedprocess] [info] Scanned user extensions: 15
[2019-06-27 02:07:10.928] [sharedprocess] [info] Scanned user extensions: 15
[2019-06-27 02:12:10.943] [sharedprocess] [info] Scanned user extensions: 15
[2019-06-27 02:17:10.957] [sharedprocess] [info] Scanned user extensions: 15
[2019-06-27 02:22:10.972] [sharedprocess] [info] Scanned user extensions: 15
[2019-06-27 02:27:10.987] [sharedprocess] [info] Scanned user extensions: 15
[2019-06-27 02:32:11.004] [sharedprocess] [info] Scanned user extensions: 15
[2019-06-27 02:37:11.018] [sharedprocess] [info] Scanned user extensions: 15
[2019-06-27 02:42:11.032] [sharedprocess] [info] Scanned user extensions: 15
[2019-06-27 02:47:11.047] [sharedprocess] [info] Scanned user extensions: 15
[2019-06-27 02:52:11.061] [sharedprocess] [info] Scanned user extensions: 15
[2019-06-27 02:57:11.076] [sharedprocess] [info] Scanned user extensions: 15
[2019-06-27 03:02:11.091] [sharedprocess] [info] Scanned user extensions: 15
[2019-06-27 03:07:11.105] [sharedprocess] [info] Scanned user extensions: 15
[2019-06-27 03:12:11.120] [sharedprocess] [info] Scanned user extensions: 15
[2019-06-27 03:17:11.135] [sharedprocess] [info] Scanned user extensions: 15
[2019-06-27 03:22:11.149] [sharedprocess] [info] Scanned user extensions: 15
[2019-06-27 03:27:11.165] [sharedprocess] [info] Scanned user extensions: 15
[2019-06-27 03:32:11.181] [sharedprocess] [info] Scanned user extensions: 15
[2019-06-27 03:37:11.196] [sharedprocess] [info] Scanned user extensions: 15
[2019-06-27 03:42:11.210] [sharedprocess] [info] Scanned user extensions: 15
[2019-06-27 03:47:11.226] [sharedprocess] [info] Scanned user extensions: 15
[2019-06-27 03:52:11.240] [sharedprocess] [info] Scanned user extensions: 15
[2019-06-27 03:57:11.255] [sharedprocess] [info] Scanned user extensions: 15
[2019-06-27 04:02:11.270] [sharedprocess] [info] Scanned user extensions: 15
[2019-06-27 04:07:11.285] [sharedprocess] [info] Scanned user extensions: 15
[2019-06-27 04:12:11.299] [sharedprocess] [info] Scanned user extensions: 15
[2019-06-27 04:17:11.313] [sharedprocess] [info] Scanned user extensions: 15
[2019-06-27 04:22:11.329] [sharedprocess] [info] Scanned user extensions: 15
[2019-06-27 04:27:11.343] [sharedprocess] [info] Scanned user extensions: 15
[2019-06-27 04:32:11.359] [sharedprocess] [info] Scanned user extensions: 15
[2019-06-27 04:37:11.375] [sharedprocess] [info] Scanned user extensions: 15
[2019-06-27 04:42:11.389] [sharedprocess] [info] Scanned user extensions: 15
[2019-06-27 04:47:11.404] [sharedprocess] [info] Scanned user extensions: 15
[2019-06-27 04:52:11.419] [sharedprocess] [info] Scanned user extensions: 15
[2019-06-27 04:57:11.433] [sharedprocess] [info] Scanned user extensions: 15
[2019-06-27 05:02:11.448] [sharedprocess] [info] Scanned user extensions: 15
[2019-06-27 05:07:11.463] [sharedprocess] [info] Scanned user extensions: 15
[2019-06-27 05:12:11.479] [sharedprocess] [info] Scanned user extensions: 15
[2019-06-27 05:17:11.494] [sharedprocess] [info] Scanned user extensions: 15
[2019-06-27 05:22:11.508] [sharedprocess] [info] Scanned user extensions: 15
[2019-06-27 05:27:11.523] [sharedprocess] [info] Scanned user extensions: 15
[2019-06-27 05:32:11.538] [sharedprocess] [info] Scanned user extensions: 15
[2019-06-27 05:37:11.554] [sharedprocess] [info] Scanned user extensions: 15
[2019-06-27 05:42:11.567] [sharedprocess] [info] Scanned user extensions: 15
[2019-06-27 05:47:11.582] [sharedprocess] [info] Scanned user extensions: 15
[2019-06-27 05:52:11.598] [sharedprocess] [info] Scanned user extensions: 15
[2019-06-27 05:57:11.612] [sharedprocess] [info] Scanned user extensions: 15
[2019-06-27 06:02:11.627] [sharedprocess] [info] Scanned user extensions: 15
[2019-06-27 06:07:11.643] [sharedprocess] [info] Scanned user extensions: 15
[2019-06-27 06:12:11.658] [sharedprocess] [info] Scanned user extensions: 15
[2019-06-27 06:17:11.673] [sharedprocess] [info] Scanned user extensions: 15
[2019-06-27 06:22:11.687] [sharedprocess] [info] Scanned user extensions: 15
[2019-06-27 06:27:11.702] [sharedprocess] [info] Scanned user extensions: 15
[2019-06-27 06:32:11.716] [sharedprocess] [info] Scanned user extensions: 15
[2019-06-27 06:37:11.733] [sharedprocess] [info] Scanned user extensions: 15
[2019-06-27 06:42:11.747] [sharedprocess] [info] Scanned user extensions: 15
[2019-06-27 06:47:11.762] [sharedprocess] [info] Scanned user extensions: 15
[2019-06-27 06:52:11.777] [sharedprocess] [info] Scanned user extensions: 15
[2019-06-27 06:57:11.793] [sharedprocess] [info] Scanned user extensions: 15
[2019-06-27 07:02:11.807] [sharedprocess] [info] Scanned user extensions: 15
[2019-06-27 07:07:11.823] [sharedprocess] [info] Scanned user extensions: 15
[2019-06-27 07:12:11.837] [sharedprocess] [info] Scanned user extensions: 15
[2019-06-27 07:17:11.852] [sharedprocess] [info] Scanned user extensions: 15
[2019-06-27 07:22:11.866] [sharedprocess] [info] Scanned user extensions: 15
[2019-06-27 07:27:11.881] [sharedprocess] [info] Scanned user extensions: 15
[2019-06-27 07:32:11.896] [sharedprocess] [info] Scanned user extensions: 15
[2019-06-27 07:37:11.911] [sharedprocess] [info] Scanned user extensions: 15
[2019-06-27 07:42:11.926] [sharedprocess] [info] Scanned user extensions: 15
[2019-06-27 07:47:11.941] [sharedprocess] [info] Scanned user extensions: 15
[2019-06-27 07:52:11.955] [sharedprocess] [info] Scanned user extensions: 15
[2019-06-27 07:57:11.970] [sharedprocess] [info] Scanned user extensions: 15
[2019-06-27 08:02:11.984] [sharedprocess] [info] Scanned user extensions: 15
[2019-06-27 08:07:12.000] [sharedprocess] [info] Scanned user extensions: 15
[2019-06-27 08:12:12.015] [sharedprocess] [info] Scanned user extensions: 15
[2019-06-27 08:17:12.029] [sharedprocess] [info] Scanned user extensions: 15
[2019-06-27 08:22:12.044] [sharedprocess] [info] Scanned user extensions: 15
[2019-06-27 08:27:12.058] [sharedprocess] [info] Scanned user extensions: 15
[2019-06-27 08:32:12.073] [sharedprocess] [info] Scanned user extensions: 15
[2019-06-27 08:37:12.087] [sharedprocess] [info] Scanned user extensions: 15
[2019-06-27 08:42:12.101] [sharedprocess] [info] Scanned user extensions: 15
[2019-06-27 08:47:12.115] [sharedprocess] [info] Scanned user extensions: 15
[2019-06-27 08:52:12.130] [sharedprocess] [info] Scanned user extensions: 15
[2019-06-27 08:57:12.145] [sharedprocess] [info] Scanned user extensions: 15
[2019-06-27 09:02:12.159] [sharedprocess] [info] Scanned user extensions: 15
[2019-06-27 09:07:12.174] [sharedprocess] [info] Scanned user extensions: 15
[2019-06-27 09:12:12.190] [sharedprocess] [info] Scanned user extensions: 15
[2019-06-27 09:17:12.206] [sharedprocess] [info] Scanned user extensions: 15
[2019-06-27 09:22:12.220] [sharedprocess] [info] Scanned user extensions: 15
[2019-06-27 09:27:12.234] [sharedprocess] [info] Scanned user extensions: 15
[2019-06-27 09:32:12.250] [sharedprocess] [info] Scanned user extensions: 15
[2019-06-27 09:37:12.264] [sharedprocess] [info] Scanned user extensions: 15
[2019-06-27 09:42:12.278] [sharedprocess] [info] Scanned user extensions: 15
[2019-06-27 09:47:12.293] [sharedprocess] [info] Scanned user extensions: 15
[2019-06-27 09:52:12.308] [sharedprocess] [info] Scanned user extensions: 15
[2019-06-27 09:57:12.322] [sharedprocess] [info] Scanned user extensions: 15
[2019-06-27 10:02:12.337] [sharedprocess] [info] Scanned user extensions: 15
[2019-06-27 10:07:12.351] [sharedprocess] [info] Scanned user extensions: 15
[2019-06-27 10:12:12.366] [sharedprocess] [info] Scanned user extensions: 15
[2019-06-27 10:17:12.381] [sharedprocess] [info] Scanned user extensions: 15
[2019-06-27 10:22:12.396] [sharedprocess] [info] Scanned user extensions: 15
[2019-06-27 10:27:12.410] [sharedprocess] [info] Scanned user extensions: 15
[2019-06-27 10:32:12.426] [sharedprocess] [info] Scanned user extensions: 15
[2019-06-27 10:37:12.447] [sharedprocess] [info] Scanned user extensions: 15
[2019-06-27 10:42:12.464] [sharedprocess] [info] Scanned user extensions: 15
[2019-06-27 10:47:12.478] [sharedprocess] [info] Scanned user extensions: 15
[2019-06-27 10:52:12.498] [sharedprocess] [info] Scanned user extensions: 15
[2019-06-27 10:57:12.515] [sharedprocess] [info] Scanned user extensions: 15
[2019-06-27 11:02:12.529] [sharedprocess] [info] Scanned user extensions: 15
[2019-06-27 11:07:12.546] [sharedprocess] [info] Scanned user extensions: 15
[2019-06-27 11:12:12.559] [sharedprocess] [info] Scanned user extensions: 15
[2019-06-27 11:17:12.575] [sharedprocess] [info] Scanned user extensions: 15
[2019-06-27 11:22:12.593] [sharedprocess] [info] Scanned user extensions: 15
[2019-06-27 11:27:12.615] [sharedprocess] [info] Scanned user extensions: 15
[2019-06-27 11:32:12.632] [sharedprocess] [info] Scanned user extensions: 15
[2019-06-27 11:37:12.647] [sharedprocess] [info] Scanned user extensions: 15
[2019-06-27 11:42:12.661] [sharedprocess] [info] Scanned user extensions: 15
[2019-06-27 11:47:12.676] [sharedprocess] [info] Scanned user extensions: 15
[2019-06-27 11:52:12.695] [sharedprocess] [info] Scanned user extensions: 15
[2019-06-27 11:57:12.717] [sharedprocess] [info] Scanned user extensions: 15
[2019-06-27 12:02:12.739] [sharedprocess] [info] Scanned user extensions: 15
[2019-06-27 12:07:12.761] [sharedprocess] [info] Scanned user extensions: 15
[2019-06-27 12:12:12.783] [sharedprocess] [info] Scanned user extensions: 15
[2019-06-27 12:17:12.806] [sharedprocess] [info] Scanned user extensions: 15
[2019-06-27 12:22:12.830] [sharedprocess] [info] Scanned user extensions: 15
[2019-06-27 12:27:12.853] [sharedprocess] [info] Scanned user extensions: 15
[2019-06-27 12:32:12.876] [sharedprocess] [info] Scanned user extensions: 15
[2019-06-27 12:37:12.899] [sharedprocess] [info] Scanned user extensions: 15
[2019-06-27 12:42:12.919] [sharedprocess] [info] Scanned user extensions: 15
[2019-06-27 12:47:12.943] [sharedprocess] [info] Scanned user extensions: 15
[2019-06-27 12:52:12.965] [sharedprocess] [info] Scanned user extensions: 15
[2019-06-27 12:57:12.988] [sharedprocess] [info] Scanned user extensions: 15
[2019-06-27 13:02:13.012] [sharedprocess] [info] Scanned user extensions: 15
[2019-06-27 13:07:13.026] [sharedprocess] [info] Scanned user extensions: 15
[2019-06-27 13:12:13.036] [sharedprocess] [info] Scanned user extensions: 15
[2019-06-27 13:17:13.061] [sharedprocess] [info] Scanned user extensions: 15
[2019-06-27 13:22:13.094] [sharedprocess] [info] Scanned user extensions: 15
[2019-06-27 13:27:13.116] [sharedprocess] [info] Scanned user extensions: 15
[2019-06-27 13:32:13.139] [sharedprocess] [info] Scanned user extensions: 15
[2019-06-27 13:37:13.161] [sharedprocess] [info] Scanned user extensions: 15
[2019-06-27 13:42:13.184] [sharedprocess] [info] Scanned user extensions: 15
[2019-06-27 13:47:13.205] [sharedprocess] [info] Scanned user extensions: 15
[2019-06-27 13:52:13.227] [sharedprocess] [info] Scanned user extensions: 15
[2019-06-27 13:57:13.252] [sharedprocess] [info] Scanned user extensions: 15
[2019-06-27 14:02:14.039] [sharedprocess] [info] Scanned user extensions: 15
[2019-06-27 14:07:14.062] [sharedprocess] [info] Scanned user extensions: 15
[2019-06-27 14:12:14.084] [sharedprocess] [info] Scanned user extensions: 15
[2019-06-27 14:17:14.107] [sharedprocess] [info] Scanned user extensions: 15
[2019-06-27 14:22:14.129] [sharedprocess] [info] Scanned user extensions: 15
[2019-06-27 14:27:14.146] [sharedprocess] [info] Scanned user extensions: 15
[2019-06-27 14:32:14.161] [sharedprocess] [info] Scanned user extensions: 15
[2019-06-27 14:37:14.176] [sharedprocess] [info] Scanned user extensions: 15
[2019-06-27 14:42:14.191] [sharedprocess] [info] Scanned user extensions: 15
[2019-06-27 14:47:14.206] [sharedprocess] [info] Scanned user extensions: 15
[2019-06-27 14:52:14.220] [sharedprocess] [info] Scanned user extensions: 15
[2019-06-27 14:57:14.236] [sharedprocess] [info] Scanned user extensions: 15
[2019-06-27 15:02:14.251] [sharedprocess] [info] Scanned user extensions: 15
[2019-06-27 15:07:14.272] [sharedprocess] [info] Scanned user extensions: 15
[2019-06-27 15:12:14.295] [sharedprocess] [info] Scanned user extensions: 15
[2019-06-27 15:17:14.319] [sharedprocess] [info] Scanned user extensions: 15
[2019-06-27 15:22:14.343] [sharedprocess] [info] Scanned user extensions: 15
[2019-06-27 15:27:14.370] [sharedprocess] [info] Scanned user extensions: 15
[2019-06-27 15:32:14.388] [sharedprocess] [info] Scanned user extensions: 15
[2019-06-27 15:37:14.408] [sharedprocess] [info] Scanned user extensions: 15
[2019-06-27 15:42:14.430] [sharedprocess] [info] Scanned user extensions: 15
[2019-06-27 15:47:14.454] [sharedprocess] [info] Scanned user extensions: 15
[2019-06-27 15:52:14.478] [sharedprocess] [info] Scanned user extensions: 15
[2019-06-27 15:57:14.500] [sharedprocess] [info] Scanned user extensions: 15
[2019-06-27 16:02:14.524] [sharedprocess] [info] Scanned user extensions: 15
[2019-06-27 16:07:14.547] [sharedprocess] [info] Scanned user extensions: 15
[2019-06-27 16:12:14.570] [sharedprocess] [info] Scanned user extensions: 15
[2019-06-27 16:17:14.592] [sharedprocess] [info] Scanned user extensions: 15
[2019-06-27 16:22:14.617] [sharedprocess] [info] Scanned user extensions: 15
[2019-06-27 16:27:14.641] [sharedprocess] [info] Scanned user extensions: 15
[2019-06-27 16:32:14.663] [sharedprocess] [info] Scanned user extensions: 15
[2019-06-27 16:37:14.687] [sharedprocess] [info] Scanned user extensions: 15
[2019-06-27 16:42:14.712] [sharedprocess] [info] Scanned user extensions: 15
[2019-06-27 16:47:14.736] [sharedprocess] [info] Scanned user extensions: 15
[2019-06-27 16:52:14.762] [sharedprocess] [info] Scanned user extensions: 15
[2019-06-27 16:57:14.785] [sharedprocess] [info] Scanned user extensions: 15
[2019-06-27 17:02:14.810] [sharedprocess] [info] Scanned user extensions: 15
[2019-06-27 17:07:14.834] [sharedprocess] [info] Scanned user extensions: 15
[2019-06-27 17:12:14.856] [sharedprocess] [info] Scanned user extensions: 15
[2019-06-27 17:17:14.883] [sharedprocess] [info] Scanned user extensions: 15
[2019-06-27 17:22:14.907] [sharedprocess] [info] Scanned user extensions: 15
[2019-06-27 17:27:14.929] [sharedprocess] [info] Scanned user extensions: 15
[2019-06-27 17:32:14.972] [sharedprocess] [info] Scanned user extensions: 15
[2019-06-27 17:37:14.992] [sharedprocess] [info] Scanned user extensions: 15
[2019-06-27 17:42:15.016] [sharedprocess] [info] Scanned user extensions: 15
[2019-06-27 17:47:15.039] [sharedprocess] [info] Scanned user extensions: 15
[2019-06-27 17:52:15.063] [sharedprocess] [info] Scanned user extensions: 15
[2019-06-27 17:57:15.087] [sharedprocess] [info] Scanned user extensions: 15
[2019-06-27 18:02:15.110] [sharedprocess] [info] Scanned user extensions: 15
[2019-06-27 18:07:15.132] [sharedprocess] [info] Scanned user extensions: 15
[2019-06-27 18:12:15.154] [sharedprocess] [info] Scanned user extensions: 15
[2019-06-27 18:17:15.177] [sharedprocess] [info] Scanned user extensions: 15
[2019-06-27 18:22:15.201] [sharedprocess] [info] Scanned user extensions: 15
[2019-06-27 18:27:15.223] [sharedprocess] [info] Scanned user extensions: 15
[2019-06-27 18:32:15.249] [sharedprocess] [info] Scanned user extensions: 15
[2019-06-27 18:37:15.272] [sharedprocess] [info] Scanned user extensions: 15
[2019-06-27 18:42:15.294] [sharedprocess] [info] Scanned user extensions: 15
[2019-06-27 18:47:15.319] [sharedprocess] [info] Scanned user extensions: 15
[2019-06-27 18:52:15.341] [sharedprocess] [info] Scanned user extensions: 15
[2019-06-27 18:57:15.363] [sharedprocess] [info] Scanned user extensions: 15
[2019-06-27 19:02:15.386] [sharedprocess] [info] Scanned user extensions: 15
[2019-06-27 19:07:15.407] [sharedprocess] [info] Scanned user extensions: 15
[2019-06-27 19:12:15.431] [sharedprocess] [info] Scanned user extensions: 15
[2019-06-27 19:17:15.454] [sharedprocess] [info] Scanned user extensions: 15
[2019-06-27 19:22:15.477] [sharedprocess] [info] Scanned user extensions: 15
[2019-06-27 19:27:15.501] [sharedprocess] [info] Scanned user extensions: 15
[2019-06-27 19:32:15.523] [sharedprocess] [info] Scanned user extensions: 15
[2019-06-27 19:37:15.549] [sharedprocess] [info] Scanned user extensions: 15
[2019-06-27 19:42:15.571] [sharedprocess] [info] Scanned user extensions: 15
[2019-06-27 19:47:15.593] [sharedprocess] [info] Scanned user extensions: 15
[2019-06-27 19:52:15.616] [sharedprocess] [info] Scanned user extensions: 15
[2019-06-27 19:57:15.638] [sharedprocess] [info] Scanned user extensions: 15
[2019-06-27 20:02:15.662] [sharedprocess] [info] Scanned user extensions: 15
[2019-06-27 20:07:15.686] [sharedprocess] [info] Scanned user extensions: 15
[2019-06-27 20:12:15.707] [sharedprocess] [info] Scanned user extensions: 15
[2019-06-27 20:17:15.730] [sharedprocess] [info] Scanned user extensions: 15
[2019-06-27 20:22:15.752] [sharedprocess] [info] Scanned user extensions: 15
[2019-06-27 20:27:15.776] [sharedprocess] [info] Scanned user extensions: 15
[2019-06-27 20:32:15.797] [sharedprocess] [info] Scanned user extensions: 15
[2019-06-27 20:37:15.821] [sharedprocess] [info] Scanned user extensions: 15
[2019-06-27 20:42:15.841] [sharedprocess] [info] Scanned user extensions: 15
[2019-06-27 20:47:15.864] [sharedprocess] [info] Scanned user extensions: 15
[2019-06-27 20:52:15.888] [sharedprocess] [info] Scanned user extensions: 15
[2019-06-27 20:57:15.910] [sharedprocess] [info] Scanned user extensions: 15
[2019-06-27 21:02:15.933] [sharedprocess] [info] Scanned user extensions: 15
[2019-06-27 21:07:15.955] [sharedprocess] [info] Scanned user extensions: 15
[2019-06-27 21:12:15.979] [sharedprocess] [info] Scanned user extensions: 15
[2019-06-27 21:17:16.003] [sharedprocess] [info] Scanned user extensions: 15
[2019-06-27 21:22:16.026] [sharedprocess] [info] Scanned user extensions: 15
[2019-06-27 21:27:16.049] [sharedprocess] [info] Scanned user extensions: 15
[2019-06-27 21:32:16.073] [sharedprocess] [info] Scanned user extensions: 15
[2019-06-27 21:37:16.095] [sharedprocess] [info] Scanned user extensions: 15
[2019-06-27 21:42:16.117] [sharedprocess] [info] Scanned user extensions: 15
[2019-06-27 21:47:16.142] [sharedprocess] [info] Scanned user extensions: 15
[2019-06-27 21:52:16.166] [sharedprocess] [info] Scanned user extensions: 15
[2019-06-27 21:57:16.188] [sharedprocess] [info] Scanned user extensions: 15
[2019-06-27 22:02:16.211] [sharedprocess] [info] Scanned user extensions: 15
[2019-06-27 22:07:16.233] [sharedprocess] [info] Scanned user extensions: 15
[2019-06-27 22:12:16.256] [sharedprocess] [info] Scanned user extensions: 15
[2019-06-27 22:17:16.278] [sharedprocess] [info] Scanned user extensions: 15
[2019-06-27 22:22:16.301] [sharedprocess] [info] Scanned user extensions: 15
[2019-06-27 22:27:16.323] [sharedprocess] [info] Scanned user extensions: 15
[2019-06-27 22:32:16.345] [sharedprocess] [info] Scanned user extensions: 15
[2019-06-27 22:37:16.367] [sharedprocess] [info] Scanned user extensions: 15
[2019-06-27 22:42:16.389] [sharedprocess] [info] Scanned user extensions: 15
[2019-06-27 22:47:16.413] [sharedprocess] [info] Scanned user extensions: 15
[2019-06-27 22:52:16.439] [sharedprocess] [info] Scanned user extensions: 15
[2019-06-27 22:57:16.461] [sharedprocess] [info] Scanned user extensions: 15
[2019-06-27 23:02:16.485] [sharedprocess] [info] Scanned user extensions: 15
[2019-06-27 23:07:16.507] [sharedprocess] [info] Scanned user extensions: 15
[2019-06-27 23:12:16.529] [sharedprocess] [info] Scanned user extensions: 15
[2019-06-27 23:17:16.554] [sharedprocess] [info] Scanned user extensions: 15
[2019-06-27 23:22:16.576] [sharedprocess] [info] Scanned user extensions: 15
[2019-06-27 23:27:16.603] [sharedprocess] [info] Scanned user extensions: 15
[2019-06-27 23:32:16.627] [sharedprocess] [info] Scanned user extensions: 15
[2019-06-27 23:37:16.648] [sharedprocess] [info] Scanned user extensions: 15
[2019-06-27 23:42:16.669] [sharedprocess] [info] Scanned user extensions: 15
[2019-06-27 23:47:16.692] [sharedprocess] [info] Scanned user extensions: 15
[2019-06-27 23:52:16.714] [sharedprocess] [info] Scanned user extensions: 15
[2019-06-27 23:57:16.740] [sharedprocess] [info] Scanned user extensions: 15
[2019-06-28 00:02:16.762] [sharedprocess] [info] Scanned user extensions: 15
[2019-06-28 00:07:16.785] [sharedprocess] [info] Scanned user extensions: 15
[2019-06-28 00:12:16.807] [sharedprocess] [info] Scanned user extensions: 15
[2019-06-28 00:17:16.832] [sharedprocess] [info] Scanned user extensions: 15
[2019-06-28 00:22:16.854] [sharedprocess] [info] Scanned user extensions: 15
[2019-06-28 00:27:16.876] [sharedprocess] [info] Scanned user extensions: 15
[2019-06-28 00:32:16.900] [sharedprocess] [info] Scanned user extensions: 15
[2019-06-28 00:37:16.922] [sharedprocess] [info] Scanned user extensions: 15
[2019-06-28 00:42:16.945] [sharedprocess] [info] Scanned user extensions: 15
[2019-06-28 00:47:16.968] [sharedprocess] [info] Scanned user extensions: 15
[2019-06-28 00:52:16.990] [sharedprocess] [info] Scanned user extensions: 15
[2019-06-28 00:57:17.014] [sharedprocess] [info] Scanned user extensions: 15
[2019-06-28 01:02:17.037] [sharedprocess] [info] Scanned user extensions: 15
[2019-06-28 01:07:17.059] [sharedprocess] [info] Scanned user extensions: 15
[2019-06-28 01:12:17.082] [sharedprocess] [info] Scanned user extensions: 15
[2019-06-28 01:17:17.106] [sharedprocess] [info] Scanned user extensions: 15
[2019-06-28 01:22:17.129] [sharedprocess] [info] Scanned user extensions: 15
[2019-06-28 01:27:17.152] [sharedprocess] [info] Scanned user extensions: 15
[2019-06-28 01:32:17.175] [sharedprocess] [info] Scanned user extensions: 15
[2019-06-28 01:37:17.197] [sharedprocess] [info] Scanned user extensions: 15
[2019-06-28 01:42:17.219] [sharedprocess] [info] Scanned user extensions: 15
[2019-06-28 01:47:17.241] [sharedprocess] [info] Scanned user extensions: 15
[2019-06-28 01:52:17.264] [sharedprocess] [info] Scanned user extensions: 15
[2019-06-28 01:57:17.287] [sharedprocess] [info] Scanned user extensions: 15
[2019-06-28 02:02:17.310] [sharedprocess] [info] Scanned user extensions: 15
[2019-06-28 02:07:17.333] [sharedprocess] [info] Scanned user extensions: 15
[2019-06-28 02:12:17.355] [sharedprocess] [info] Scanned user extensions: 15
[2019-06-28 02:17:17.377] [sharedprocess] [info] Scanned user extensions: 15
[2019-06-28 02:22:17.399] [sharedprocess] [info] Scanned user extensions: 15
[2019-06-28 02:27:17.422] [sharedprocess] [info] Scanned user extensions: 15
[2019-06-28 02:32:17.445] [sharedprocess] [info] Scanned user extensions: 15
[2019-06-28 02:37:17.467] [sharedprocess] [info] Scanned user extensions: 15
[2019-06-28 02:42:17.488] [sharedprocess] [info] Scanned user extensions: 15
[2019-06-28 02:47:17.510] [sharedprocess] [info] Scanned user extensions: 15
[2019-06-28 02:52:17.532] [sharedprocess] [info] Scanned user extensions: 15
[2019-06-28 02:57:17.559] [sharedprocess] [info] Scanned user extensions: 15
[2019-06-28 03:02:17.582] [sharedprocess] [info] Scanned user extensions: 15
[2019-06-28 03:07:17.606] [sharedprocess] [info] Scanned user extensions: 15
[2019-06-28 03:12:17.628] [sharedprocess] [info] Scanned user extensions: 15
[2019-06-28 03:17:17.649] [sharedprocess] [info] Scanned user extensions: 15
[2019-06-28 03:22:17.672] [sharedprocess] [info] Scanned user extensions: 15
[2019-06-28 03:27:17.694] [sharedprocess] [info] Scanned user extensions: 15
[2019-06-28 03:32:17.717] [sharedprocess] [info] Scanned user extensions: 15
[2019-06-28 03:37:17.738] [sharedprocess] [info] Scanned user extensions: 15
[2019-06-28 03:42:17.759] [sharedprocess] [info] Scanned user extensions: 15
[2019-06-28 03:47:17.782] [sharedprocess] [info] Scanned user extensions: 15
[2019-06-28 03:52:17.805] [sharedprocess] [info] Scanned user extensions: 15
[2019-06-28 03:57:17.827] [sharedprocess] [info] Scanned user extensions: 15
[2019-06-28 04:02:17.851] [sharedprocess] [info] Scanned user extensions: 15
[2019-06-28 04:07:17.873] [sharedprocess] [info] Scanned user extensions: 15
[2019-06-28 04:12:17.896] [sharedprocess] [info] Scanned user extensions: 15
[2019-06-28 04:17:17.918] [sharedprocess] [info] Scanned user extensions: 15
[2019-06-28 04:22:17.943] [sharedprocess] [info] Scanned user extensions: 15
[2019-06-28 04:27:17.965] [sharedprocess] [info] Scanned user extensions: 15
[2019-06-28 04:32:17.988] [sharedprocess] [info] Scanned user extensions: 15
[2019-06-28 04:37:18.010] [sharedprocess] [info] Scanned user extensions: 15
[2019-06-28 04:42:18.031] [sharedprocess] [info] Scanned user extensions: 15
[2019-06-28 04:47:18.053] [sharedprocess] [info] Scanned user extensions: 15
[2019-06-28 04:52:18.074] [sharedprocess] [info] Scanned user extensions: 15
[2019-06-28 04:57:18.099] [sharedprocess] [info] Scanned user extensions: 15
[2019-06-28 05:02:18.121] [sharedprocess] [info] Scanned user extensions: 15
[2019-06-28 05:07:18.143] [sharedprocess] [info] Scanned user extensions: 15
[2019-06-28 05:12:18.164] [sharedprocess] [info] Scanned user extensions: 15
[2019-06-28 05:17:18.189] [sharedprocess] [info] Scanned user extensions: 15
[2019-06-28 05:22:18.212] [sharedprocess] [info] Scanned user extensions: 15
[2019-06-28 05:27:18.234] [sharedprocess] [info] Scanned user extensions: 15
[2019-06-28 05:32:18.257] [sharedprocess] [info] Scanned user extensions: 15
[2019-06-28 05:37:18.280] [sharedprocess] [info] Scanned user extensions: 15
[2019-06-28 05:42:18.302] [sharedprocess] [info] Scanned user extensions: 15
[2019-06-28 05:47:18.324] [sharedprocess] [info] Scanned user extensions: 15
[2019-06-28 05:52:18.341] [sharedprocess] [info] Scanned user extensions: 15
[2019-06-28 05:57:18.361] [sharedprocess] [info] Scanned user extensions: 15
[2019-06-28 06:02:18.383] [sharedprocess] [info] Scanned user extensions: 15
[2019-06-28 06:07:18.406] [sharedprocess] [info] Scanned user extensions: 15
[2019-06-28 06:12:18.428] [sharedprocess] [info] Scanned user extensions: 15
[2019-06-28 06:17:18.451] [sharedprocess] [info] Scanned user extensions: 15
[2019-06-28 06:22:18.470] [sharedprocess] [info] Scanned user extensions: 15
[2019-06-28 06:27:18.492] [sharedprocess] [info] Scanned user extensions: 15
[2019-06-28 06:32:18.508] [sharedprocess] [info] Scanned user extensions: 15
[2019-06-28 06:37:18.529] [sharedprocess] [info] Scanned user extensions: 15
[2019-06-28 06:42:18.550] [sharedprocess] [info] Scanned user extensions: 15
[2019-06-28 06:47:18.574] [sharedprocess] [info] Scanned user extensions: 15
[2019-06-28 06:52:18.598] [sharedprocess] [info] Scanned user extensions: 15
[2019-06-28 06:57:18.620] [sharedprocess] [info] Scanned user extensions: 15
[2019-06-28 07:02:18.643] [sharedprocess] [info] Scanned user extensions: 15
[2019-06-28 07:07:18.666] [sharedprocess] [info] Scanned user extensions: 15
[2019-06-28 07:12:18.690] [sharedprocess] [info] Scanned user extensions: 15
[2019-06-28 07:17:18.714] [sharedprocess] [info] Scanned user extensions: 15
[2019-06-28 07:22:18.736] [sharedprocess] [info] Scanned user extensions: 15
[2019-06-28 07:27:18.759] [sharedprocess] [info] Scanned user extensions: 15
[2019-06-28 07:32:18.781] [sharedprocess] [info] Scanned user extensions: 15
[2019-06-28 07:37:18.804] [sharedprocess] [info] Scanned user extensions: 15
[2019-06-28 07:42:18.825] [sharedprocess] [info] Scanned user extensions: 15
[2019-06-28 07:47:18.850] [sharedprocess] [info] Scanned user extensions: 15
[2019-06-28 07:52:18.871] [sharedprocess] [info] Scanned user extensions: 15
[2019-06-28 07:57:18.893] [sharedprocess] [info] Scanned user extensions: 15
[2019-06-28 08:02:18.920] [sharedprocess] [info] Scanned user extensions: 15
[2019-06-28 08:07:18.954] [sharedprocess] [info] Scanned user extensions: 15
[2019-06-28 08:12:18.977] [sharedprocess] [info] Scanned user extensions: 15
[2019-06-28 08:17:19.002] [sharedprocess] [info] Scanned user extensions: 15
[2019-06-28 08:22:19.024] [sharedprocess] [info] Scanned user extensions: 15
[2019-06-28 08:27:19.047] [sharedprocess] [info] Scanned user extensions: 15
[2019-06-28 08:32:19.071] [sharedprocess] [info] Scanned user extensions: 15
[2019-06-28 08:37:19.097] [sharedprocess] [info] Scanned user extensions: 15
[2019-06-28 08:42:19.117] [sharedprocess] [info] Scanned user extensions: 15
[2019-06-28 08:47:19.140] [sharedprocess] [info] Scanned user extensions: 15
[2019-06-28 08:52:19.162] [sharedprocess] [info] Scanned user extensions: 15
[2019-06-28 08:57:19.186] [sharedprocess] [info] Scanned user extensions: 15
[2019-06-28 09:02:19.209] [sharedprocess] [info] Scanned user extensions: 15
[2019-06-28 09:07:19.231] [sharedprocess] [info] Scanned user extensions: 15
[2019-06-28 09:12:19.255] [sharedprocess] [info] Scanned user extensions: 15
[2019-06-28 09:17:19.277] [sharedprocess] [info] Scanned user extensions: 15
[2019-06-28 09:22:19.300] [sharedprocess] [info] Scanned user extensions: 15
[2019-06-28 09:27:19.319] [sharedprocess] [info] Scanned user extensions: 15
[2019-06-28 09:32:19.340] [sharedprocess] [info] Scanned user extensions: 15
[2019-06-28 09:37:19.363] [sharedprocess] [info] Scanned user extensions: 15
[2019-06-28 09:42:19.386] [sharedprocess] [info] Scanned user extensions: 15
[2019-06-28 09:47:19.408] [sharedprocess] [info] Scanned user extensions: 15
[2019-06-28 09:52:19.433] [sharedprocess] [info] Scanned user extensions: 15
[2019-06-28 09:57:19.455] [sharedprocess] [info] Scanned user extensions: 15
[2019-06-28 10:02:19.480] [sharedprocess] [info] Scanned user extensions: 15
[2019-06-28 10:07:19.503] [sharedprocess] [info] Scanned user extensions: 15
[2019-06-28 10:12:19.526] [sharedprocess] [info] Scanned user extensions: 15
[2019-06-28 10:17:19.551] [sharedprocess] [info] Scanned user extensions: 15
[2019-06-28 10:22:19.573] [sharedprocess] [info] Scanned user extensions: 15
[2019-06-28 10:27:19.595] [sharedprocess] [info] Scanned user extensions: 15
[2019-06-28 10:32:19.619] [sharedprocess] [info] Scanned user extensions: 15
[2019-06-28 10:37:19.642] [sharedprocess] [info] Scanned user extensions: 15
[2019-06-28 10:42:19.663] [sharedprocess] [info] Scanned user extensions: 15
[2019-06-28 10:47:19.685] [sharedprocess] [info] Scanned user extensions: 15
[2019-06-28 10:52:19.708] [sharedprocess] [info] Scanned user extensions: 15
[2019-06-28 10:57:19.731] [sharedprocess] [info] Scanned user extensions: 15
[2019-06-28 11:02:19.755] [sharedprocess] [info] Scanned user extensions: 15
[2019-06-28 11:07:19.773] [sharedprocess] [info] Scanned user extensions: 15
[2019-06-28 11:12:19.791] [sharedprocess] [info] Scanned user extensions: 15
[2019-06-28 11:17:19.814] [sharedprocess] [info] Scanned user extensions: 15
[2019-06-28 11:22:19.838] [sharedprocess] [info] Scanned user extensions: 15
[2019-06-28 11:27:19.860] [sharedprocess] [info] Scanned user extensions: 15
[2019-06-28 11:32:19.896] [sharedprocess] [info] Scanned user extensions: 15
[2019-06-28 11:37:19.932] [sharedprocess] [info] Scanned user extensions: 15
[2019-06-28 11:42:19.957] [sharedprocess] [info] Scanned user extensions: 15
[2019-06-28 11:47:19.979] [sharedprocess] [info] Scanned user extensions: 15
[2019-06-28 11:52:20.003] [sharedprocess] [info] Scanned user extensions: 15
[2019-06-28 11:57:20.026] [sharedprocess] [info] Scanned user extensions: 15
[2019-06-28 12:02:20.050] [sharedprocess] [info] Scanned user extensions: 15
[2019-06-28 12:07:20.071] [sharedprocess] [info] Scanned user extensions: 15
[2019-06-28 12:12:20.094] [sharedprocess] [info] Scanned user extensions: 15
[2019-06-28 12:17:20.122] [sharedprocess] [info] Scanned user extensions: 15
[2019-06-28 12:22:20.142] [sharedprocess] [info] Scanned user extensions: 15
[2019-06-28 12:27:20.172] [sharedprocess] [info] Scanned user extensions: 15
[2019-06-28 12:32:20.196] [sharedprocess] [info] Scanned user extensions: 15
[2019-06-28 12:37:20.221] [sharedprocess] [info] Scanned user extensions: 15
[2019-06-28 12:42:20.241] [sharedprocess] [info] Scanned user extensions: 15
[2019-06-28 12:47:20.265] [sharedprocess] [info] Scanned user extensions: 15
[2019-06-28 12:52:20.290] [sharedprocess] [info] Scanned user extensions: 15
[2019-06-28 12:57:20.312] [sharedprocess] [info] Scanned user extensions: 15
[2019-06-28 13:02:20.336] [sharedprocess] [info] Scanned user extensions: 15
[2019-06-28 13:07:20.353] [sharedprocess] [info] Scanned user extensions: 15
[2019-06-28 13:12:20.371] [sharedprocess] [info] Scanned user extensions: 15
[2019-06-28 13:17:20.395] [sharedprocess] [info] Scanned user extensions: 15
[2019-06-28 13:22:20.417] [sharedprocess] [info] Scanned user extensions: 15
[2019-06-28 13:27:20.440] [sharedprocess] [info] Scanned user extensions: 15
[2019-06-28 13:32:20.462] [sharedprocess] [info] Scanned user extensions: 15
[2019-06-28 13:37:20.486] [sharedprocess] [info] Scanned user extensions: 15
[2019-06-28 13:42:20.508] [sharedprocess] [info] Scanned user extensions: 15
[2019-06-28 13:47:20.531] [sharedprocess] [info] Scanned user extensions: 15
[2019-06-28 13:52:20.553] [sharedprocess] [info] Scanned user extensions: 15
[2019-06-28 13:57:20.575] [sharedprocess] [info] Scanned user extensions: 15
[2019-06-28 14:02:20.598] [sharedprocess] [info] Scanned user extensions: 15
[2019-06-28 14:07:20.623] [sharedprocess] [info] Scanned user extensions: 15
[2019-06-28 14:12:20.645] [sharedprocess] [info] Scanned user extensions: 15
[2019-06-28 14:17:20.667] [sharedprocess] [info] Scanned user extensions: 15
[2019-06-28 14:22:20.692] [sharedprocess] [info] Scanned user extensions: 15
[2019-06-28 14:27:20.713] [sharedprocess] [info] Scanned user extensions: 15
[2019-06-28 14:32:20.737] [sharedprocess] [info] Scanned user extensions: 15
[2019-06-28 14:37:20.760] [sharedprocess] [info] Scanned user extensions: 15
[2019-06-28 14:42:20.781] [sharedprocess] [info] Scanned user extensions: 15
[2019-06-28 14:47:20.805] [sharedprocess] [info] Scanned user extensions: 15
[2019-06-28 14:52:20.829] [sharedprocess] [info] Scanned user extensions: 15
[2019-06-28 14:57:20.848] [sharedprocess] [info] Scanned user extensions: 15
[2019-06-28 15:02:20.869] [sharedprocess] [info] Scanned user extensions: 15
[2019-06-28 15:07:20.890] [sharedprocess] [info] Scanned user extensions: 15
[2019-06-28 15:12:20.911] [sharedprocess] [info] Scanned user extensions: 15
[2019-06-28 15:17:20.934] [sharedprocess] [info] Scanned user extensions: 15
[2019-06-28 15:22:20.956] [sharedprocess] [info] Scanned user extensions: 15
[2019-06-28 15:27:20.980] [sharedprocess] [info] Scanned user extensions: 15
[2019-06-28 15:32:21.001] [sharedprocess] [info] Scanned user extensions: 15
[2019-06-28 15:37:21.027] [sharedprocess] [info] Scanned user extensions: 15
[2019-06-28 15:42:21.048] [sharedprocess] [info] Scanned user extensions: 15
[2019-06-28 15:47:21.071] [sharedprocess] [info] Scanned user extensions: 15
[2019-06-28 15:52:21.095] [sharedprocess] [info] Scanned user extensions: 15
[2019-06-28 15:57:21.119] [sharedprocess] [info] Scanned user extensions: 15
[2019-06-28 16:02:21.142] [sharedprocess] [info] Scanned user extensions: 15
[2019-06-28 16:07:21.181] [sharedprocess] [info] Scanned user extensions: 15
[2019-06-28 16:12:21.204] [sharedprocess] [info] Scanned user extensions: 15
[2019-06-28 16:17:21.222] [sharedprocess] [info] Scanned user extensions: 15
[2019-06-28 16:22:21.244] [sharedprocess] [info] Scanned user extensions: 15
[2019-06-28 16:27:21.266] [sharedprocess] [info] Scanned user extensions: 15
[2019-06-28 16:32:21.289] [sharedprocess] [info] Scanned user extensions: 15
[2019-06-28 16:37:21.314] [sharedprocess] [info] Scanned user extensions: 15
[2019-06-28 16:42:21.336] [sharedprocess] [info] Scanned user extensions: 15
[2019-06-28 16:47:21.360] [sharedprocess] [info] Scanned user extensions: 15
[2019-06-28 16:52:21.383] [sharedprocess] [info] Scanned user extensions: 15
[2019-06-28 16:57:21.406] [sharedprocess] [info] Scanned user extensions: 15
[2019-06-28 17:02:21.429] [sharedprocess] [info] Scanned user extensions: 15
[2019-06-28 17:07:21.451] [sharedprocess] [info] Scanned user extensions: 15
[2019-06-28 17:12:21.472] [sharedprocess] [info] Scanned user extensions: 15
[2019-06-28 17:17:21.495] [sharedprocess] [info] Scanned user extensions: 15
[2019-06-28 17:22:21.517] [sharedprocess] [info] Scanned user extensions: 15
[2019-06-28 17:27:21.540] [sharedprocess] [info] Scanned user extensions: 15
[2019-06-28 17:32:21.563] [sharedprocess] [info] Scanned user extensions: 15
[2019-06-28 17:37:21.585] [sharedprocess] [info] Scanned user extensions: 15
[2019-06-28 17:42:21.608] [sharedprocess] [info] Scanned user extensions: 15
[2019-06-28 17:47:21.629] [sharedprocess] [info] Scanned user extensions: 15
