[2019-07-02 15:01:54.593] [exthost] [info] extension host started
[2019-07-02 15:01:55.618] [exthost] [info] extension host started
[2019-07-02 15:01:55.650] [exthost] [info] ExtensionService#_doActivateExtension vscode.debug-auto-launch {"startup":true,"activationEvent":"*"}
[2019-07-02 15:01:55.650] [exthost] [info] ExtensionService#loadCommonJSModule c:\Users\student\.codemix\engine\resources\app\extensions\debug-auto-launch\dist\extension
[2019-07-02 15:01:55.657] [exthost] [info] ExtensionService#_doActivateExtension vscode.emmet {"startup":true,"activationEvent":"*"}
[2019-07-02 15:01:55.657] [exthost] [info] ExtensionService#loadCommonJSModule c:\Users\student\.codemix\engine\resources\app\extensions\emmet\dist\extension
[2019-07-02 15:01:55.687] [exthost] [info] ExtensionService#_doActivateExtension christian-kohler.path-intellisense {"startup":true,"activationEvent":"*"}
[2019-07-02 15:01:55.687] [exthost] [info] ExtensionService#loadCommonJSModule C:\Users\student\.codemix\extensions\christian-kohler.path-intellisense-1.4.2\out\src\extension
[2019-07-02 15:01:55.714] [exthost] [info] ExtensionService#_doActivateExtension dbaeumer.vscode-eslint {"startup":true,"activationEvent":"*"}
[2019-07-02 15:01:55.714] [exthost] [info] ExtensionService#loadCommonJSModule C:\Users\student\.codemix\extensions\dbaeumer.vscode-eslint-1.9.0\client\out\extension
[2019-07-02 15:01:55.771] [exthost] [info] ExtensionService#_doActivateExtension formulahendry.auto-close-tag {"startup":true,"activationEvent":"*"}
[2019-07-02 15:01:55.771] [exthost] [info] ExtensionService#loadCommonJSModule C:\Users\student\.codemix\extensions\formulahendry.auto-close-tag-0.5.6\out\src\extension
[2019-07-02 15:01:55.775] [exthost] [info] ExtensionService#_doActivateExtension formulahendry.auto-rename-tag {"startup":true,"activationEvent":"*"}
[2019-07-02 15:01:55.775] [exthost] [info] ExtensionService#loadCommonJSModule C:\Users\student\.codemix\extensions\formulahendry.auto-rename-tag-0.0.15\out\src\extension
[2019-07-02 15:01:55.783] [exthost] [info] ExtensionService#_doActivateExtension vscode.configuration-editing {"startup":false,"activationEvent":"onLanguage:jsonc"}
[2019-07-02 15:01:55.783] [exthost] [info] ExtensionService#loadCommonJSModule c:\Users\student\.codemix\engine\resources\app\extensions\configuration-editing\dist\extension
[2019-07-02 15:01:55.800] [exthost] [info] ExtensionService#_doActivateExtension vscode.json-language-features {"startup":false,"activationEvent":"onLanguage:jsonc"}
[2019-07-02 15:01:55.800] [exthost] [info] ExtensionService#loadCommonJSModule c:\Users\student\.codemix\engine\resources\app\extensions\json-language-features\client\dist\jsonMain
[2019-07-02 15:01:55.926] [exthost] [info] ExtensionService#_doActivateExtension vscode.typescript-language-features {"startup":false,"activationEvent":"onLanguage:jsonc"}
[2019-07-02 15:01:55.926] [exthost] [info] ExtensionService#loadCommonJSModule c:\Users\student\.codemix\engine\resources\app\extensions\typescript-language-features\dist\extension
[2019-07-02 15:01:56.023] [exthost] [info] ExtensionService#_doActivateExtension vscode.grunt {"startup":false,"activationEvent":"onCommand:workbench.action.tasks.runTask"}
[2019-07-02 15:01:56.023] [exthost] [info] ExtensionService#loadCommonJSModule c:\Users\student\.codemix\engine\resources\app\extensions\grunt\dist\main
[2019-07-02 15:01:56.030] [exthost] [info] ExtensionService#_doActivateExtension vscode.gulp {"startup":false,"activationEvent":"onCommand:workbench.action.tasks.runTask"}
[2019-07-02 15:01:56.030] [exthost] [info] ExtensionService#loadCommonJSModule c:\Users\student\.codemix\engine\resources\app\extensions\gulp\dist\main
[2019-07-02 15:01:56.037] [exthost] [info] ExtensionService#_doActivateExtension vscode.jake {"startup":false,"activationEvent":"onCommand:workbench.action.tasks.runTask"}
[2019-07-02 15:01:56.037] [exthost] [info] ExtensionService#loadCommonJSModule c:\Users\student\.codemix\engine\resources\app\extensions\jake\dist\main
[2019-07-02 15:01:56.045] [exthost] [info] ExtensionService#_doActivateExtension vscode.npm {"startup":false,"activationEvent":"onCommand:workbench.action.tasks.runTask"}
[2019-07-02 15:01:56.045] [exthost] [info] ExtensionService#loadCommonJSModule c:\Users\student\.codemix\engine\resources\app\extensions\npm\dist\main
[2019-07-02 15:01:56.413] [exthost] [info] eager extensions activated
